PRT1
181
541
4 0 4 (81.626297 0 351 ) (8 0 351 ) (8 0 -60 ) (81.626297 0 -60 ) 
4 0 2 (8 0 160 ) (8 0 351 ) (8 256 351 ) (8 256 160 ) 
4 0 3 (8 256 -60 ) (8 0 -60 ) (8 0 64 ) (8 256 64 ) 
4 0 1 (8 365 351 ) (8 365 -60 ) (8 256 -60 ) (8 256 351 ) 
4 1 16 (0 365 64 ) (0 365 -60 ) (0 256 -60 ) (0 256 64 ) 
4 1 9 (0 256 351 ) (0 264 351 ) (0 264 160 ) (0 256 160 ) 
4 1 8 (0 264 351 ) (0 365 351 ) (0 365 64 ) (0 264 64 ) 
4 1 2 (8 256 160 ) (8 256 351 ) (0 256 351 ) (0 256 160 ) 
4 1 3 (0 256 -60 ) (8 256 -60 ) (8 256 64 ) (0 256 64 ) 
4 2 49 (0 0 160 ) (0 0 187.319016 ) (0 52 187.319016 ) (0 52 160 ) 
4 2 48 (0 52 187.319016 ) (0 64 187.319016 ) (0 64 160 ) (0 52 160 ) 
4 2 44 (0 0 198.849213 ) (0 0 351 ) (0 64 351 ) (0 64 216.613327 ) 
4 2 41 (0 0 187.319016 ) (0 0 198.849213 ) (0 64 216.613327 ) (0 64 187.319016 ) 
4 2 25 (0 256 172.500000 ) (0 256 160 ) (0 64 160 ) (0 64 172.500000 ) 
4 2 20 (0 256 211 ) (0 256 172.500000 ) (0 64 172.500000 ) (0 64 211 ) 
4 2 17 (0 64 351 ) (0 256 351 ) (0 256 211 ) (0 64 211 ) 
4 2 5 (8 0 351 ) (0 0 351 ) (0 0 160 ) (8 0 160 ) 
4 3 54 (0 0 -60 ) (0 0 48 ) (0 64 48 ) (0 64 -60 ) 
4 3 28 (0 256 48 ) (0 256 -60 ) (0 64 -60 ) (0 64 48 ) 
4 3 6 (0 0 64 ) (0 0 -60 ) (8 0 -60 ) (8 0 64 ) 
4 4 5 (8 -128 160 ) (8 -128 351 ) (8 0 351 ) (8 0 160 ) 
4 4 6 (8 0 -60 ) (8 -128 -60 ) (8 -128 64 ) (8 0 64 ) 
4 4 7 (8 -128 -60 ) (8 -207 -60 ) (8 -207 351 ) (8 -128 351 ) 
4 5 171 (0 -127 160 ) (0 -128 160 ) (0 -128 210 ) (0 -127 210 ) 
4 5 168 (0 -64 160 ) (0 -127 160 ) (0 -127 210 ) (0 -64 210 ) 
4 5 149 (0 0 210 ) (0 0 160 ) (0 -64 160 ) (0 -64 210 ) 
4 5 138 (0 -59 210 ) (0 -128 210 ) (0 -128 211 ) (0 -59 211 ) 
4 5 137 (0 0 211 ) (0 0 210 ) (0 -59 210 ) (0 -59 211 ) 
4 5 133 (0 -128 351 ) (0 0 351 ) (0 0 211 ) (0 -128 211 ) 
4 5 7 (8 -128 160 ) (8 -128 351 ) (0 -128 351 ) (0 -128 160 ) 
4 6 177 (0 0 48 ) (0 0 -60 ) (0 -128 -60 ) (0 -128 48 ) 
4 6 7 (0 -128 -60 ) (8 -128 -60 ) (8 -128 64 ) (0 -128 64 ) 
4 7 177 (0 -128 48 ) (0 -128 -60 ) (0 -207 -60 ) (0 -207 48 ) 
4 7 175 (0 -128 64 ) (0 -128 48 ) (0 -207 48 ) (0 -207 64 ) 
4 7 173 (0 -136 64 ) (0 -207 64 ) (0 -207 160 ) (0 -136 160 ) 
4 7 171 (0 -128 210 ) (0 -128 160 ) (0 -207 160 ) (0 -207 210 ) 
4 7 138 (0 -128 211 ) (0 -128 210 ) (0 -207 210 ) (0 -207 211 ) 
4 7 133 (0 -207 351 ) (0 -128 351 ) (0 -128 211 ) (0 -207 211 ) 
4 8 16 (-320 264 64 ) (-320 365 64 ) (0 365 64 ) (0 264 64 ) 
4 8 14 (-320 365 64 ) (-320 264 64 ) (-320 264 210 ) (-320 365 210 ) 
4 8 12 (-320 264 211 ) (-320 264 225.767960 ) (-320 280 224 ) (-320 280 211 ) 
4 8 11 (-320 264 241.767929 ) (-320 264 351 ) (-320 280 351 ) (-320 280 240 ) 
4 8 13 (-320 264 210 ) (-320 264 211 ) (-320 280 211 ) (-320 280 210 ) 
4 8 10 (-320 280 351 ) (-320 365 351 ) (-320 365 210 ) (-320 280 210 ) 
4 8 9 (0 264 351 ) (-320 264 351 ) (-320 264 160 ) (0 264 160 ) 
4 9 26 (-316 256 172.500000 ) (-320 256 172.500000 ) (-320 256 160 ) (-316 256 160 ) 
4 9 25 (0 256 160 ) (0 256 172.500000 ) (-316 256 172.500000 ) (-316 256 160 ) 
4 9 20 (0 256 172.500000 ) (0 256 211 ) (-320 256 211 ) (-320 256 172.500000 ) 
4 9 17 (0 256 211 ) (0 256 351 ) (-320 256 351 ) (-320 256 211 ) 
4 9 14 (-320 262 210 ) (-320 264 210 ) (-320 264 160 ) (-320 262 160 ) 
4 9 12 (-320 264 225.767944 ) (-320 264 211 ) (-320 262 211 ) (-320 262 225.988953 ) 
4 9 11 (-320 256 242.651917 ) (-320 256 351 ) (-320 264 351 ) (-320 264 241.767944 ) 
4 9 13 (-320 256 210 ) (-320 256 211 ) (-320 264 211 ) (-320 264 210 ) 
4 10 96 (-769 365 303 ) (-769 365 210 ) (-769 280 210 ) (-769 280 303 ) 
4 10 70 (-769 280 351 ) (-769 365 351 ) (-769 365 303 ) (-769 280 303 ) 
4 10 14 (-320 365 210 ) (-320 280 210 ) (-769 280 210 ) (-769 365 210 ) 
4 10 12 (-320 280 211 ) (-320 280 224 ) (-769 280 224 ) (-769 280 211 ) 
4 10 11 (-320 280 240 ) (-320 280 351 ) (-769 280 351 ) (-769 280 240 ) 
4 10 13 (-769 280 210 ) (-320 280 210 ) (-320 280 211 ) (-769 280 211 ) 
4 11 99 (-769 256 242.651917 ) (-769 256 303 ) (-769 262 303 ) (-769 262 241.988922 ) 
4 11 96 (-769 262 303 ) (-769 280 303 ) (-769 280 240 ) (-769 262 241.988922 ) 
4 11 70 (-769 256 303 ) (-769 256 351 ) (-769 280 351 ) (-769 280 303 ) 
4 11 19 (-769 256 276.664795 ) (-769 256 242.651917 ) (-320 256 242.651917 ) (-320 256 276.664795 ) 
4 11 18 (-769 256 351 ) (-769 256 276.664795 ) (-320 256 276.664795 ) (-320 256 351 ) 
4 12 96 (-769 280 224 ) (-769 280 211 ) (-769 262 211 ) (-769 262 225.988953 ) 
4 12 13 (-769 280 211 ) (-320 280 211 ) (-320 262 211 ) (-769 262 211 ) 
4 13 99 (-769 256 210 ) (-769 256 211 ) (-769 262 211 ) (-769 262 210 ) 
4 13 96 (-769 262 211 ) (-769 280 211 ) (-769 280 210 ) (-769 262 210 ) 
4 13 24 (-769 256 211 ) (-769 256 210.250000 ) (-763 256 210.250000 ) (-763 256 211 ) 
4 13 21 (-326 256 210 ) (-320 256 210 ) (-320 256 211 ) (-326 256 211 ) 
4 13 15 (-510 256 210 ) (-514 256 210 ) (-514 262 210 ) (-510 262 210 ) 
4 13 14 (-320 280 210 ) (-320 262 210 ) (-769 262 210 ) (-769 280 210 ) 
4 14 97 (-769 365 160 ) (-769 365 64 ) (-769 270 64 ) (-769 270 160 ) 
4 14 96 (-769 262 210 ) (-769 365 210 ) (-769 365 160 ) (-769 262 160 ) 
4 14 16 (-769 262 64 ) (-769 365 64 ) (-320 365 64 ) (-320 262 64 ) 
4 14 15 (-514 262 64 ) (-510 262 64 ) (-510 262 210 ) (-514 262 210 ) 
4 15 16 (-510 256 64 ) (-514 256 64 ) (-514 262 64 ) (-510 262 64 ) 
4 16 128 (-769 256 -60 ) (-769 256 48 ) (-769 365 48 ) (-769 365 -60 ) 
4 16 126 (-769 262 64 ) (-769 365 64 ) (-769 365 48 ) (-769 262 48 ) 
4 16 40 (-769 256 48 ) (-769 256 -60 ) (-514 256 -60 ) (-514 256 48 ) 
4 16 34 (-514 256 -60 ) (-320 256 -60 ) (-320 256 48 ) (-514 256 48 ) 
4 16 33 (-514 256 63 ) (-514 256 48 ) (-512 256 48 ) (-512 256 63 ) 
4 16 28 (-320 256 -60 ) (0 256 -60 ) (0 256 48 ) (-320 256 48 ) 
4 17 46 (-118 64 225.023941 ) (-118 64 216.613525 ) (-14 64 216.613358 ) (-14 64 225.023941 ) 
4 17 45 (-14 64 351 ) (-118 64 351 ) (-118 64 225.023941 ) (-14 64 225.023941 ) 
4 17 44 (0 64 216.613327 ) (0 64 351 ) (-14 64 351 ) (-14 64 216.613358 ) 
4 17 47 (-118 64 351 ) (-320 64 351 ) (-320 64 216.613876 ) (-118 64 216.613525 ) 
4 17 42 (-116 64 211 ) (-16 64 211 ) (-16 64 216.613358 ) (-116 64 216.613525 ) 
4 17 41 (-16 64 211 ) (0 64 211 ) (0 64 216.613327 ) (-16 64 216.613358 ) 
4 17 43 (-320 64 211 ) (-116 64 211 ) (-116 64 216.613525 ) (-320 64 216.613876 ) 
4 17 20 (0 64 211 ) (-320 64 211 ) (-320 256 211 ) (0 256 211 ) 
3 17 19 (-320 256 276.664795 ) (-320 256 242.651917 ) (-320 99 260 ) 
4 17 18 (-320 256 351 ) (-320 256 276.664795 ) (-320 64 256.284912 ) (-320 64 351 ) 
4 18 99 (-769 193.402954 303 ) (-769 256 303 ) (-769 256 276.664795 ) (-769 193.402939 270.020416 ) 
4 18 83 (-769 64 256.284912 ) (-769 64 303 ) (-769 80 303 ) (-769 80 257.983246 ) 
4 18 71 (-769 80 303 ) (-769 193.402954 303 ) (-769 193.402939 270.020416 ) (-769 80 257.983246 ) 
4 18 70 (-769 64 303 ) (-769 64 351 ) (-769 256 351 ) (-769 256 303 ) 
4 18 65 (-769 64 351 ) (-769 64 256.284912 ) (-620 64 256.284912 ) (-620 64 351 ) 
4 18 55 (-620 64 256.284912 ) (-320 64 256.284912 ) (-320 64 351 ) (-620 64 351 ) 
4 18 19 (-769 256 276.664734 ) (-320 256 276.664734 ) (-320 99 260 ) (-769 99 260 ) 
4 19 99 (-769 193.402954 270.020416 ) (-769 256 276.664795 ) (-769 256 242.651917 ) (-769 193.402939 249.568710 ) 
3 19 71 (-769 99 260 ) (-769 193.402954 270.020416 ) (-769 193.402939 249.568710 ) 
4 20 48 (-320 64 172.500000 ) (0 64 172.500000 ) (0 64 187.319016 ) (-320 64 187.319016 ) 
4 20 42 (-16 64 211 ) (-116 64 211 ) (-116 64 187.319016 ) (-16 64 187.319016 ) 
4 20 41 (0 64 187.319016 ) (0 64 211 ) (-16 64 211 ) (-16 64 187.319016 ) 
4 20 43 (-116 64 211 ) (-320 64 211 ) (-320 64 187.319016 ) (-116 64 187.319016 ) 
4 20 26 (-316 64 172.500000 ) (-320 64 172.500000 ) (-320 256 172.500000 ) (-316 256 172.500000 ) 
4 20 25 (0 64 172.500000 ) (-316 64 172.500000 ) (-316 256 172.500000 ) (0 256 172.500000 ) 
4 20 21 (-320 64 210 ) (-320 64 211 ) (-320 256 211 ) (-320 256 210 ) 
4 21 56 (-320 64 210 ) (-320 64 211 ) (-326 64 211 ) (-326 64 210 ) 
4 22 30 (-326 64 172.500000 ) (-508 64 172.500000 ) (-508 256 172.500000 ) (-326 256 172.500000 ) 
4 23 38 (-755 64 172.500000 ) (-763 64 172.500000 ) (-763 136 172.500000 ) (-755 136 172.500000 ) 
4 23 37 (-763 136 172.500000 ) (-763 184 172.500000 ) (-755 184 172.500000 ) (-755 136 172.500000 ) 
4 23 36 (-763 184 172.500000 ) (-763 256 172.500000 ) (-755 256 172.500000 ) (-755 184 172.500000 ) 
4 23 35 (-514 64 172.500000 ) (-755 64 172.500000 ) (-755 256 172.500000 ) (-514 256 172.500000 ) 
4 24 99 (-769 193.402954 211 ) (-769 256 211 ) (-769 256 210.250000 ) (-769 193.402939 210.250000 ) 
4 24 82 (-769 64 210.250000 ) (-769 64 211 ) (-769 80 211 ) (-769 80 210.250000 ) 
4 24 71 (-769 80 211 ) (-769 193.402954 211 ) (-769 193.402939 210.250000 ) (-769 80 210.250000 ) 
4 24 67 (-769 64 211 ) (-769 64 210.250000 ) (-763 64 210.250000 ) (-763 64 211 ) 
4 25 48 (0 64 64 ) (0 64 172.500000 ) (-316 64 172.500000 ) (-316 64 64 ) 
4 25 26 (-316 64 64 ) (-316 64 172.500000 ) (-316 256 172.500000 ) (-316 256 64 ) 
4 26 48 (-316 64 172.500000 ) (-320 64 172.500000 ) (-320 64 64 ) (-316 64 64 ) 
4 26 29 (-320 161 172.500000 ) (-320 209 172.500000 ) (-320 209 64 ) (-320 161 64 ) 
4 26 27 (-320 161 64 ) (-320 209 64 ) (-316 209 64 ) (-316 161 64 ) 
4 27 32 (-320 161 64 ) (-320 209 64 ) (-320 209 63.500000 ) (-320 161 63.500000 ) 
4 28 54 (0 64 -60 ) (0 64 48 ) (-320 64 48 ) (-320 64 -60 ) 
4 28 34 (-320 64 -60 ) (-320 64 48 ) (-320 256 48 ) (-320 256 -60 ) 
4 29 32 (-320 209 64 ) (-320 161 64 ) (-326 161 64 ) (-326 209 64 ) 
4 29 30 (-326 209 64 ) (-326 161 64 ) (-326 161 172.500000 ) (-326 209 172.500000 ) 
4 30 58 (-488 64 64 ) (-440 64 64 ) (-440 64 172 ) (-488 64 172 ) 
4 30 32 (-326 209 64 ) (-326 161 64 ) (-332 161 64 ) (-332 209 64 ) 
4 30 31 (-508 184 64 ) (-508 136 64 ) (-508 136 172.500000 ) (-508 184 172.500000 ) 
4 31 35 (-514 136 172.500000 ) (-514 184 172.500000 ) (-514 184 64 ) (-514 136 64 ) 
4 33 34 (-514 64 48 ) (-514 256 48 ) (-512 256 48 ) (-512 64 48 ) 
4 34 64 (-508 64 48 ) (-514 64 48 ) (-514 64 -60 ) (-508 64 -60 ) 
4 34 60 (-320 64 -60 ) (-320 64 48 ) (-508 64 48 ) (-508 64 -60 ) 
4 34 40 (-514 64 -60 ) (-514 64 48 ) (-514 256 48 ) (-514 256 -60 ) 
4 35 62 (-540 64 172.141022 ) (-588 64 172.141022 ) (-588 64 64 ) (-540 64 64 ) 
4 35 38 (-755 64 64 ) (-755 64 172.500000 ) (-755 136 172.500000 ) (-755 136 64 ) 
4 35 37 (-755 136 172.500000 ) (-755 184 172.500000 ) (-755 184 64 ) (-755 136 64 ) 
4 35 36 (-755 184 172.500000 ) (-755 256 172.500000 ) (-755 256 64 ) (-755 184 64 ) 
4 36 37 (-755 184 64 ) (-755 184 172.500000 ) (-763 184 172.500000 ) (-763 184 64 ) 
4 37 39 (-763 184 172.500000 ) (-763 184 63.500000 ) (-763 136 63.500000 ) (-763 136 172.500000 ) 
4 37 38 (-763 136 172.500000 ) (-763 136 64 ) (-755 136 64 ) (-755 136 172.500000 ) 
4 39 127 (-769 184 64 ) (-769 184 63.500000 ) (-769 136 63.500000 ) (-769 136 64 ) 
4 39 79 (-769 145.008270 64 ) (-769 136 64 ) (-769 136 64.750000 ) (-769 145.008270 64.750000 ) 
4 39 77 (-769 184 64.750000 ) (-769 184 64 ) (-769 145.008270 64 ) (-769 145.008270 64.750000 ) 
4 39 71 (-769 136 172.500000 ) (-769 184 172.500000 ) (-769 184 64.750000 ) (-769 136 64.750000 ) 
4 40 128 (-769 64 -60 ) (-769 64 48 ) (-769 256 48 ) (-769 256 -60 ) 
4 40 69 (-769 64 48 ) (-769 64 -60 ) (-620 64 -60 ) (-620 64 48 ) 
4 40 64 (-620 64 -60 ) (-514 64 -60 ) (-514 64 48 ) (-620 64 48 ) 
4 41 150 (-14 0 198.849243 ) (-16 0 198.849243 ) (-16 0 187.319016 ) (-14 0 187.319016 ) 
4 41 149 (0 0 187.319016 ) (0 0 198.849213 ) (-14 0 198.849243 ) (-14 0 187.319016 ) 
4 41 49 (0 52 187.319016 ) (0 0 187.319016 ) (-16 0 187.319016 ) (-16 52 187.319016 ) 
4 41 48 (-16 64 187.319016 ) (0 64 187.319016 ) (0 52 187.319016 ) (-16 52 187.319016 ) 
4 41 46 (-14 64 216.612778 ) (-16 64 216.612778 ) (-16 56 214.392151 ) (-14 56 214.392151 ) 
4 41 44 (0 64 216.612747 ) (-14 64 216.612778 ) (-14 0 198.848755 ) (0 0 198.848724 ) 
4 41 42 (-16 64 187.319016 ) (-16 52 187.319016 ) (-16 52 213.283188 ) (-16 64 216.613953 ) 
4 42 48 (-116 64 187.319016 ) (-16 64 187.319016 ) (-16 52 187.319016 ) (-116 52 187.319016 ) 
4 42 46 (-16 64 216.612778 ) (-116 64 216.612946 ) (-116 56 214.392303 ) (-16 56 214.392151 ) 
4 42 43 (-116 64 187.319016 ) (-116 52 187.319016 ) (-116 52 213.283188 ) (-116 64 216.613953 ) 
4 43 151 (-116 0 198.849411 ) (-118 0 198.849411 ) (-118 0 187.319016 ) (-116 0 187.319016 ) 
4 43 159 (-118 0 198.849411 ) (-320 0 198.849762 ) (-320 0 187.319016 ) (-118 0 187.319016 ) 
4 43 56 (-320 64 211 ) (-320 64 210 ) (-320 40.171768 210 ) (-320 43.774540 211 ) 
4 43 53 (-320 0 187.319016 ) (-320 52 187.319016 ) (-116 52 187.319016 ) (-116 0 187.319016 ) 
4 43 48 (-320 52 187.319016 ) (-320 64 187.319016 ) (-116 64 187.319016 ) (-116 52 187.319016 ) 
4 43 46 (-116 64 216.612946 ) (-118 64 216.612946 ) (-118 56 214.392303 ) (-116 56 214.392303 ) 
4 43 47 (-118 64 216.612946 ) (-320 64 216.613281 ) (-320 0 198.849258 ) (-118 0 198.848923 ) 
4 44 149 (0 0 198.849213 ) (0 0 210 ) (-14 0 210 ) (-14 0 198.849243 ) 
4 44 137 (0 0 210 ) (0 0 211 ) (-14 0 211 ) (-14 0 210 ) 
4 44 133 (0 0 211 ) (0 0 351 ) (-14 0 351 ) (-14 0 211 ) 
4 44 46 (-14 64 225.023941 ) (-14 64 216.614532 ) (-14 55.998962 214.393738 ) (-14 53.106319 222 ) 
4 44 45 (-14 0 351 ) (-14 64 351 ) (-14 64 225.023941 ) (-14 0 207.259689 ) 
4 45 152 (-118 0 210 ) (-118 0 207.259689 ) (-14 0 207.259674 ) (-14 0 210 ) 
4 45 137 (-118 0 211 ) (-118 0 210 ) (-14 0 210 ) (-14 0 211 ) 
4 45 133 (-14 0 351 ) (-118 0 351 ) (-118 0 211 ) (-14 0 211 ) 
4 45 46 (-118 53.106506 222 ) (-118 64 225.023407 ) (-14 64 225.023865 ) (-14 53.106350 222 ) 
4 45 47 (-118 0 351 ) (-118 64 351 ) (-118 64 225.023941 ) (-118 0 207.259689 ) 
4 46 47 (-118 64 225.023941 ) (-118 64 216.614532 ) (-118 55.998962 214.393738 ) (-118 53.106319 222 ) 
4 47 159 (-320 0 210 ) (-320 0 198.849762 ) (-118 0 198.849411 ) (-118 0 210 ) 
4 47 137 (-320 0 211 ) (-320 0 210 ) (-118 0 210 ) (-118 0 211 ) 
4 47 133 (-118 0 351 ) (-320 0 351 ) (-320 0 211 ) (-118 0 211 ) 
4 47 56 (-320 43.774536 211 ) (-320 40.171764 210 ) (-320 0 210 ) (-320 0 211 ) 
4 47 55 (-320 64 351 ) (-320 64 256.284912 ) (-320 0 249.491623 ) (-320 0 351 ) 
4 48 53 (-320 52 64 ) (-116 52 64 ) (-116 52 187.319016 ) (-320 52 187.319016 ) 
4 48 51 (-88 52 64 ) (-40 52 64 ) (-40 52 170 ) (-88 52 170 ) 
4 48 49 (-16 52 64 ) (0 52 64 ) (0 52 187.319016 ) (-16 52 187.319016 ) 
4 49 154 (-14 0 187.319016 ) (-16 0 187.319016 ) (-16 0 64 ) (-14 0 64 ) 
4 49 149 (0 0 64 ) (0 0 187.319016 ) (-14 0 187.319016 ) (-14 0 64 ) 
4 50 155 (-18.500000 0 187.319016 ) (-113.500000 0 187.319016 ) (-113.500000 0 170 ) (-18.500000 0 170 ) 
4 50 52 (-113.500000 0 170 ) (-113.500000 49.500000 170 ) (-18.500000 49.500000 170 ) (-18.500000 0 170 ) 
4 51 52 (-40 49.500000 170 ) (-88 49.500000 170 ) (-88 49.500000 64 ) (-40 49.500000 64 ) 
4 52 155 (-113.500000 0 170 ) (-113.500000 0 64 ) (-18.500000 0 64 ) (-18.500000 0 170 ) 
4 53 156 (-116 0 187.319016 ) (-118 0 187.319016 ) (-118 0 64 ) (-116 0 64 ) 
4 53 159 (-118 0 187.319016 ) (-320 0 187.319016 ) (-320 0 64 ) (-118 0 64 ) 
4 54 177 (0 0 -60 ) (0 0 48 ) (-320 0 48 ) (-320 0 -60 ) 
4 54 60 (-320 64 48 ) (-320 64 -60 ) (-320 0 -60 ) (-320 0 48 ) 
4 55 135 (-320 0 249.491623 ) (-320 0 351 ) (-620 0 351 ) (-620 0 249.491638 ) 
4 55 66 (-620 58 255.648041 ) (-620 0 249.491623 ) (-620 0 351 ) (-620 58 351 ) 
4 55 65 (-620 64 351 ) (-620 64 256.284912 ) (-620 58 255.648041 ) (-620 58 351 ) 
4 56 137 (-320 0 210 ) (-320 0 211 ) (-326 0 211 ) (-326 0 210 ) 
4 57 160 (-508 0 210 ) (-508 0 172 ) (-326 0 172 ) (-326 0 210 ) 
4 57 59 (-508 0 172 ) (-508 58 172 ) (-326 58 172 ) (-326 0 172 ) 
4 58 59 (-488 58 64 ) (-440 58 64 ) (-440 58 172 ) (-488 58 172 ) 
4 59 160 (-508 0 172 ) (-508 0 64 ) (-326 0 64 ) (-326 0 172 ) 
4 60 177 (-320 0 -60 ) (-320 0 48 ) (-508 0 48 ) (-508 0 -60 ) 
4 60 64 (-508 0 -60 ) (-508 0 48 ) (-508 64 48 ) (-508 64 -60 ) 
4 61 161 (-620 0 210 ) (-620 0 172.141022 ) (-512 0 172.141022 ) (-512 0 210 ) 
4 61 63 (-620 0 172.141022 ) (-620 57 172.141022 ) (-512 57 172.141022 ) (-512 0 172.141022 ) 
4 62 63 (-588 57 64.140610 ) (-540 57 64.140610 ) (-540 57 172.141022 ) (-588 57 172.141022 ) 
4 63 161 (-512 0 172.141022 ) (-620 0 172.141022 ) (-620 0 64.140610 ) (-512 0 64.140610 ) 
4 64 177 (-508 0 -60 ) (-508 0 48 ) (-620 0 48 ) (-620 0 -60 ) 
4 64 69 (-620 64 48 ) (-620 64 -60 ) (-620 0 -60 ) (-620 0 48 ) 
4 65 85 (-769 64 266.777771 ) (-769 64 256.284912 ) (-769 58 255.648056 ) (-769 58 265.370361 ) 
4 65 84 (-769 64 303 ) (-769 64 266.777771 ) (-769 58 265.370361 ) (-769 58 303 ) 
4 65 70 (-769 58 351 ) (-769 64 351 ) (-769 64 303 ) (-769 58 303 ) 
4 65 66 (-620 58 255.648056 ) (-620 58 351 ) (-769 58 351 ) (-769 58 255.648056 ) 
4 66 135 (-620 0 249.491623 ) (-620 0 351 ) (-769 0 351 ) (-769 0 249.491638 ) 
4 66 85 (-769 1 252 ) (-769 58 265.370361 ) (-769 58 255.648056 ) (-769 7.929852 250.333344 ) 
4 66 84 (-769 0 251.765442 ) (-769 0 303 ) (-769 58 303 ) (-769 58 265.370361 ) 
4 66 70 (-769 0 303 ) (-769 0 351 ) (-769 58 351 ) (-769 58 303 ) 
4 67 86 (-769 58 211 ) (-769 64 211 ) (-769 64 210.250000 ) (-769 58 210.250000 ) 
4 68 162 (-624 0 210 ) (-769 0 210 ) (-769 0 64 ) (-624 0 64 ) 
4 68 88 (-769 0 64 ) (-769 0 210 ) (-769 58 210 ) (-769 58 64 ) 
4 69 177 (-620 0 -60 ) (-620 0 48 ) (-769 0 48 ) (-769 0 -60 ) 
4 69 128 (-769 0 -60 ) (-769 0 48 ) (-769 64 48 ) (-769 64 -60 ) 
4 70 146 (-954 0 351 ) (-958 0 351 ) (-958 0 303 ) (-954 0 303 ) 
4 70 145 (-836 0 351 ) (-954 0 351 ) (-954 0 303 ) (-836 0 303 ) 
4 70 148 (-958 0 351 ) (-1024 0 351 ) (-1024 0 303 ) (-958 0 303 ) 
4 70 143 (-769 0 303 ) (-769 0 351 ) (-836 0 351 ) (-836 0 303 ) 
4 70 131 (-1024 0 303 ) (-1024 0 351 ) (-1024 365 351 ) (-1024 365 303 ) 
4 70 123 (-958 262 303 ) (-954 262 303 ) (-954 261 303 ) (-958 261 303 ) 
4 70 125 (-1024 0 303 ) (-1024 262 303 ) (-958 262 303 ) (-958 0 303 ) 
5 70 99 (-954 262 303 ) (-769 262 303 ) (-769 193.402969 303 ) (-925.618774 0 303 ) (-954 0 303 ) 
4 70 96 (-1024 262 303 ) (-1024 365 303 ) (-769 365 303 ) (-769 262 303 ) 
3 70 89 (-836 0 303 ) (-925.618774 0 303 ) (-836 110.667046 303 ) 
4 70 84 (-769 64 303 ) (-769 0 303 ) (-836 0 303 ) (-836 64 303 ) 
4 70 83 (-769 80 303 ) (-769 64 303 ) (-836 64 303 ) (-836 80 303 ) 
4 70 71 (-769 193.402969 303 ) (-769 80 303 ) (-836 80 303 ) (-836 110.667046 303 ) 
4 71 99 (-836 110.665848 303 ) (-769 193.402344 303 ) (-769 193.402069 64.750000 ) (-836 110.666145 64.750000 ) 
4 71 89 (-836 110.662102 303 ) (-836 110.662109 64.750000 ) (-836 80 64.750000 ) (-836 80 303 ) 
4 71 83 (-836 80 303 ) (-836 80 233 ) (-769 80 233 ) (-769 80 303 ) 
4 71 82 (-836 80 217 ) (-836 80 64.750000 ) (-769 80 64.750000 ) (-769 80 217 ) 
4 71 81 (-789.998474 80 64.750000 ) (-818.548035 80 64.750000 ) (-831.895020 88.184845 64.750000 ) (-825.184998 101.577003 64.750000 ) 
3 71 80 (-818.548035 80 64.750000 ) (-836 80 64.750000 ) (-836 90.702156 64.750000 ) 
4 71 79 (-776.369995 149.209991 64.750000 ) (-769 145.008286 64.750000 ) (-769 128.886810 64.750000 ) (-784.984985 138 64.750000 ) 
4 71 78 (-804.743530 149.264557 64.750000 ) (-795.811829 160.293991 64.750000 ) (-789.385071 156.630020 64.750000 ) (-798 145.419998 64.750000 ) 
3 71 77 (-795.811829 160.293991 64.750000 ) (-769 193.402954 64.750000 ) (-769 145.008286 64.750000 ) 
4 71 76 (-810.756042 141.839951 64.750000 ) (-804.743530 149.264557 64.750000 ) (-798.993713 145.986511 64.750000 ) (-809 139.236969 64.750000 ) 
5 71 75 (-823.316956 123.531998 64.750000 ) (-824.108215 125.351761 64.750000 ) (-817.515198 133.493286 64.750000 ) (-815.232239 135.033203 64.750000 ) (-812.312012 128.316986 64.750000 ) 
4 71 74 (-791.777954 81.091202 64.750000 ) (-809.620972 92.032860 64.750000 ) (-818.531921 112.527016 64.750000 ) (-807.526978 117.311996 64.750000 ) 
4 71 73 (-809.620972 92.032860 64.750000 ) (-836 108.208946 64.750000 ) (-836 110.667015 64.750000 ) (-824.108215 125.351761 64.750000 ) 
6 71 72 (-769 80 64.750000 ) (-789.998474 80 64.750000 ) (-791.777954 81.091202 64.750000 ) (-815.232239 135.033203 64.750000 ) (-798.993713 145.986511 64.750000 ) (-769 128.886810 64.750000 ) 
4 72 82 (-789.998474 80 64 ) (-769 80 64 ) (-769 80 64.750000 ) (-789.998474 80 64.750000 ) 
4 72 81 (-790 80 64 ) (-790 80 64.750000 ) (-791.777405 81.089928 64.750000 ) (-791.777405 81.089928 64 ) 
4 72 79 (-784.984680 138 64.750000 ) (-769 128.887360 64.750000 ) (-769 128.887360 64 ) (-784.984680 138 64 ) 
4 72 78 (-798.993225 145.986816 64.750000 ) (-798 145.420395 64.750000 ) (-798 145.420380 64 ) (-798.993225 145.986816 64 ) 
4 72 76 (-798.994141 145.986328 64.750000 ) (-798.994141 145.986328 64 ) (-809 139.237000 64 ) (-809 139.237000 64.750000 ) 
4 72 75 (-815.231445 135.037109 64.750000 ) (-815.231445 135.037109 64 ) (-812.309937 128.317902 64 ) (-812.309937 128.317902 64.750000 ) 
4 72 74 (-807.524902 117.312904 64 ) (-791.773926 81.087479 64 ) (-791.773926 81.087479 64.750000 ) (-807.524902 117.312904 64.750000 ) 
4 73 102 (-827.193787 121.540642 64 ) (-836 110.666145 64 ) (-836 110.666145 64.750000 ) (-827.193787 121.540642 64.750000 ) 
4 73 100 (-824.107971 125.351173 64 ) (-827.193787 121.540642 64 ) (-827.193787 121.540642 64.750000 ) (-824.107971 125.351173 64.750000 ) 
4 73 90 (-836 110.662109 64.750000 ) (-836 110.662109 64 ) (-836 108.208946 64 ) (-836 108.208946 64.750000 ) 
4 73 81 (-809.620422 92.031601 64.750000 ) (-825.185364 101.576317 64.750000 ) (-825.185364 101.576317 64 ) (-809.620422 92.031601 64 ) 
4 73 75 (-823.317078 123.531944 64 ) (-824.108276 125.351723 64 ) (-824.108276 125.351723 64.750000 ) (-823.317078 123.531944 64.750000 ) 
4 73 74 (-809.621948 92.033951 64.750000 ) (-809.621948 92.033951 64 ) (-818.532166 112.526917 64 ) (-818.532166 112.526917 64.750000 ) 
4 74 81 (-791.777405 81.089928 64.750000 ) (-809.620422 92.031601 64.750000 ) (-809.620422 92.031601 64 ) (-791.777405 81.089928 64 ) 
4 75 120 (-817.513611 133.494339 64 ) (-819.858582 130.598587 64 ) (-819.858582 130.598587 64.750000 ) (-817.513611 133.494339 64.750000 ) 
4 75 100 (-819.858582 130.598587 64 ) (-824.107971 125.351173 64 ) (-824.107971 125.351173 64.750000 ) (-819.858582 130.598587 64.750000 ) 
4 76 118 (-804.743042 149.264282 64 ) (-806.158752 147.516037 64 ) (-806.158752 147.516052 64.750000 ) (-804.743042 149.264282 64.750000 ) 
4 76 116 (-806.158752 147.516037 64 ) (-810.755676 141.839462 64 ) (-810.755676 141.839462 64.750000 ) (-806.158752 147.516052 64.750000 ) 
4 76 78 (-804.743225 149.264954 64 ) (-804.743225 149.264954 64.750000 ) (-798.993225 145.986816 64.750000 ) (-798.993225 145.986816 64 ) 
4 77 127 (-769 184 64 ) (-769 145.008301 64 ) (-776 149 64 ) (-776 184 64 ) 
4 77 112 (-769 193.402069 64.750000 ) (-769 193.402069 64 ) (-795.811340 160.293716 64 ) (-795.811340 160.293716 64.750000 ) 
4 77 79 (-769 145.006058 64.750000 ) (-776.371216 149.208450 64.750000 ) (-776.371216 149.208450 64 ) (-769 145.006058 64 ) 
4 77 78 (-789.386230 156.628479 64.750000 ) (-795.813049 160.292480 64.750000 ) (-795.813049 160.292480 64 ) (-789.386230 156.628479 64 ) 
4 78 118 (-800.220886 154.848495 64 ) (-804.743042 149.264282 64 ) (-804.743042 149.264282 64.750000 ) (-800.220886 154.848495 64.750000 ) 
4 78 112 (-795.811340 160.293716 64 ) (-800.220886 154.848495 64 ) (-800.220886 154.848495 64.750000 ) (-795.811340 160.293716 64.750000 ) 
4 79 127 (-769 145.008301 64 ) (-769 136 64 ) (-776 136 64 ) (-776 149 64 ) 
4 80 91 (-836 90.702156 64 ) (-836 80 64 ) (-836 80 64.750000 ) (-836 90.702156 64.750000 ) 
4 80 82 (-836 80 64.750000 ) (-836 80 64 ) (-818.548035 80 64 ) (-818.548035 80 64.750000 ) 
4 80 81 (-831.894653 88.185539 64.750000 ) (-818.546875 80 64.750000 ) (-818.546875 80 64 ) (-831.894653 88.185539 64 ) 
4 81 82 (-818.548035 80 64 ) (-789.998474 80 64 ) (-789.998474 80 64.750000 ) (-818.548035 80 64.750000 ) 
4 82 94 (-836 79.503914 64 ) (-836 67.235725 64 ) (-836 67.235725 64.750000 ) (-836 79.503914 64.750000 ) 
4 82 93 (-836 67.235725 64 ) (-836 64 64 ) (-836 64 64.750000 ) (-836 67.235725 64.750000 ) 
4 82 91 (-836 80 64 ) (-836 79.503914 64 ) (-836 79.503914 64.750000 ) (-836 80 64.750000 ) 
4 82 89 (-836 64 64.750000 ) (-836 64 220.848099 ) (-836 80 217 ) (-836 80 64.750000 ) 
4 82 86 (-836 64 211 ) (-836 64 210.250000 ) (-769 64 210.250000 ) (-769 64 211 ) 
4 83 89 (-836 64 236.848114 ) (-836 64 303 ) (-836 80 303 ) (-836 80 233 ) 
4 83 85 (-836 64 266.777771 ) (-836 64 236.848114 ) (-769 64 236.848114 ) (-769 64 266.777771 ) 
4 83 84 (-836 64 303 ) (-836 64 266.777771 ) (-769 64 266.777771 ) (-769 64 303 ) 
4 84 143 (-769 0 251.765427 ) (-769 0 303 ) (-836 0 303 ) (-836 0 251.765427 ) 
4 84 89 (-836 0 251.765427 ) (-836 0 303 ) (-836 64 303 ) (-836 64 266.777771 ) 
4 84 85 (-836 1 252 ) (-836 64 266.777344 ) (-769 64 266.777344 ) (-769 1 252 ) 
3 85 89 (-836 1 252 ) (-836 64 266.777771 ) (-836 64 236.848083 ) 
4 86 89 (-836 58 210.250000 ) (-836 58 211 ) (-836 64 211 ) (-836 64 210.250000 ) 
4 86 87 (-836 58 211 ) (-836 58 210.250000 ) (-835 58 210.250000 ) (-835 58 211 ) 
4 87 141 (-835 0 211 ) (-836 0 211 ) (-836 0 210 ) (-835 0 210 ) 
4 87 89 (-836 0 210 ) (-836 0 211 ) (-836 58 211 ) (-836 58 210 ) 
4 87 88 (-836 0 210 ) (-836 58 210 ) (-835 58 210 ) (-835 0 210 ) 
4 88 162 (-769 0 64 ) (-769 0 210 ) (-836 0 210 ) (-836 0 64 ) 
4 88 93 (-836 58 64 ) (-836 0 64 ) (-836 0 64.750000 ) (-836 58 64.750000 ) 
4 88 89 (-836 0 64.750000 ) (-836 0 210 ) (-836 58 210 ) (-836 58 64.750000 ) 
4 89 163 (-925.618774 0 210 ) (-925.618774 0 64.750000 ) (-836 0 64.750000 ) (-836 0 210 ) 
4 89 145 (-836 0 303 ) (-925.618774 0 303 ) (-925.618774 0 210 ) (-836 0 210 ) 
4 89 99 (-925.617188 0 303 ) (-836 110.665848 303 ) (-836 110.666145 64.750000 ) (-925.618042 0 64.750000 ) 
4 89 95 (-866.003052 73.613098 64.750000 ) (-857.527527 84.079567 64.750000 ) (-855.059998 83.555099 64.750000 ) (-857.554993 71.817398 64.750000 ) 
4 89 94 (-843.322021 81.060204 64.750000 ) (-836 79.503914 64.750000 ) (-836 67.235725 64.750000 ) (-845.817017 69.322403 64.750000 ) 
4 89 93 (-925.613281 0 64.750000 ) (-866.003052 73.613098 64.750000 ) (-836 67.235725 64.750000 ) (-836 0 64.750000 ) 
4 89 92 (-846.801086 97.325745 64.750000 ) (-837.328430 109.023575 64.750000 ) (-837.289978 109 64.750000 ) (-844 95.608009 64.750000 ) 
4 89 91 (-857.527527 84.079567 64.750000 ) (-846.801086 97.325745 64.750000 ) (-836 90.702133 64.750000 ) (-836 79.503914 64.750000 ) 
3 89 90 (-837.328430 109.023575 64.750000 ) (-836 110.664063 64.750000 ) (-836 108.208961 64.750000 ) 
4 90 102 (-836 110.666145 64.750000 ) (-836 110.666145 64 ) (-836.840576 109.628159 64 ) (-836.840576 109.628159 64.750000 ) 
4 90 101 (-836.840576 109.628159 64 ) (-837.329590 109.024269 64 ) (-837.329590 109.024269 64.750000 ) (-836.840576 109.628159 64.750000 ) 
4 91 105 (-846.802429 97.326584 64 ) (-853.535828 89.011780 64 ) (-853.535828 89.011780 64.750000 ) (-846.802429 97.326584 64.750000 ) 
4 91 104 (-853.535828 89.011780 64 ) (-857.529602 84.080009 64 ) (-857.529602 84.080009 64.750000 ) (-853.535828 89.011780 64.750000 ) 
4 91 95 (-855.060181 83.554153 64.750000 ) (-857.530884 84.079292 64.750000 ) (-857.530884 84.079292 64 ) (-855.060181 83.554153 64 ) 
4 91 94 (-836 79.502930 64 ) (-836 79.502930 64.750000 ) (-843.322205 81.059258 64.750000 ) (-843.322205 81.059258 64 ) 
4 91 92 (-846.804688 97.324219 64 ) (-846.804688 97.324219 64.750000 ) (-844.001343 95.605309 64.750000 ) (-844.001343 95.605309 64 ) 
4 92 105 (-844.062744 100.709724 64 ) (-846.802429 97.326584 64 ) (-846.802429 97.326584 64.750000 ) (-844.062744 100.709724 64.750000 ) 
4 92 101 (-837.329590 109.024269 64 ) (-844.062744 100.709724 64 ) (-844.062744 100.709724 64.750000 ) (-837.329590 109.024269 64.750000 ) 
4 93 163 (-925.618774 0 64.750000 ) (-925.618774 0 64 ) (-836 0 64 ) (-836 0 64.750000 ) 
4 93 110 (-916.272888 11.540035 64 ) (-925.618042 0 64 ) (-925.618042 0 64.750000 ) (-916.272888 11.540034 64.750000 ) 
4 93 109 (-870.552063 68 64 ) (-916.272888 11.540035 64 ) (-916.272888 11.540034 64.750000 ) (-870.552063 68 64.750000 ) 
4 93 95 (-866.003906 73.613281 64 ) (-866.003906 73.613281 64.750000 ) (-857.554993 71.817299 64.750000 ) (-857.554993 71.817291 64 ) 
4 93 94 (-845.817078 69.322166 64.750000 ) (-836 67.235352 64.750000 ) (-836 67.235352 64 ) (-845.817078 69.322166 64 ) 
4 95 104 (-857.529602 84.080009 64 ) (-862.997192 77.328308 64 ) (-862.997192 77.328308 64.750000 ) (-857.529602 84.080009 64.750000 ) 
4 96 131 (-1024 262 303 ) (-1024 365 303 ) (-1024 365 160 ) (-1024 262 160 ) 
4 96 123 (-954 262 303 ) (-958 262 303 ) (-958 262 160 ) (-954 262 160 ) 
4 96 125 (-958 262 303 ) (-1024 262 303 ) (-1024 262 160 ) (-958 262 160 ) 
4 96 99 (-769 262 160 ) (-769 262 303 ) (-954 262 303 ) (-954 262 160 ) 
4 96 98 (-984 262 160 ) (-1024 262 160 ) (-1024 365 160 ) (-984 365 160 ) 
4 96 97 (-984 270 160 ) (-984 365 160 ) (-769 365 160 ) (-769 270 160 ) 
4 97 126 (-769 365 64 ) (-769 270 64 ) (-954.049194 270 64 ) (-954.049133 365 64 ) 
4 97 98 (-984 270 160 ) (-984 365 160 ) (-984 365 67.082184 ) (-984 270 67.082191 ) 
4 98 131 (-1024 365 160 ) (-1024 365 71.198517 ) (-1024 262 71.198517 ) (-1024 262 160 ) 
4 98 125 (-984 262 67.082191 ) (-984 262 160 ) (-1024 262 160 ) (-1024 262 71.198517 ) 
4 99 163 (-954 0 210 ) (-954 0 64.750000 ) (-925.618774 0 64.750000 ) (-925.618774 0 210 ) 
4 99 145 (-925.618774 0 303 ) (-954 0 303 ) (-954 0 210 ) (-925.618774 0 210 ) 
4 99 124 (-954 261 64.750000 ) (-954 0 64.750000 ) (-954 0 70 ) (-954 261 70 ) 
4 99 123 (-954 262 303 ) (-954 262 64.750000 ) (-954 261 64.750000 ) (-954 261 303 ) 
4 99 122 (-827.845032 167.171600 64.750000 ) (-819.830383 155.291168 64.750000 ) (-823 151.544983 64.750000 ) (-833.446045 160.551041 64.750000 ) 
5 99 121 (-954 246.259277 64.750000 ) (-954 262 64.750000 ) (-891.817200 262 64.750000 ) (-827.845032 167.171600 64.750000 ) (-842.367065 150.006042 64.750000 ) 
4 99 120 (-816.918823 134.229675 64.750000 ) (-819.859009 130.598969 64.750000 ) (-828.063110 137.672791 64.750000 ) (-822 141.763031 64.750000 ) 
4 99 119 (-819.830383 155.291168 64.750000 ) (-814.237061 147 64.750000 ) (-828.063110 137.672791 64.750000 ) (-831.921997 141 64.750000 ) 
4 99 118 (-800.221375 154.848785 64.750000 ) (-806.159241 147.516342 64.750000 ) (-807.010010 148.048004 64.750000 ) (-802.047913 155.989975 64.750000 ) 
4 99 117 (-814.952026 153.011002 64.750000 ) (-820.726440 156.619446 64.750000 ) (-833.600647 175.703369 64.750000 ) (-809.989990 160.951981 64.750000 ) 
3 99 116 (-806.159241 147.516342 64.750000 ) (-810.756042 141.839935 64.750000 ) (-820.726440 156.619446 64.750000 ) 
4 99 115 (-769 218.211258 64.750000 ) (-769 201.090759 64.750000 ) (-797.515015 172.073990 64.750000 ) (-806.073914 180.484985 64.750000 ) 
4 99 114 (-805.925964 163.515030 64.750000 ) (-809.032532 160.353806 64.750000 ) (-819.456787 166.866638 64.750000 ) (-814.484924 171.925980 64.750000 ) 
5 99 113 (-891.817200 262 64.750000 ) (-769 262 64.750000 ) (-769 218.211258 64.750000 ) (-819.456787 166.866638 64.750000 ) (-833.600647 175.703369 64.750000 ) 
4 99 112 (-769 201.090759 64.750000 ) (-769 193.402954 64.750000 ) (-800.221375 154.848785 64.750000 ) (-809.032532 160.353806 64.750000 ) 
4 99 111 (-954 103.496246 64.750000 ) (-954 121.004082 64.750000 ) (-895.289978 85 64.750000 ) (-902 71.607979 64.750000 ) 
5 99 110 (-954 0 64.750000 ) (-954 103.496246 64.750000 ) (-889.894958 64.184761 64.750000 ) (-916.271545 11.542625 64.750000 ) (-925.618835 0 64.750000 ) 
4 99 109 (-883.184937 77.576584 64.750000 ) (-879.866516 75.541557 64.750000 ) (-870.552490 68 64.750000 ) (-916.271545 11.542625 64.750000 ) 
4 99 108 (-954 135.571884 64.750000 ) (-954 151.019653 64.750000 ) (-872.323608 84.880554 64.750000 ) (-879.878479 75.551224 64.750000 ) 
3 99 107 (-954 121.004082 64.750000 ) (-954 135.571884 64.750000 ) (-879.866455 75.541504 64.750000 ) 
5 99 106 (-954 151.019653 64.750000 ) (-954 168.125259 64.750000 ) (-864.104980 113 64.750000 ) (-870.815002 99.608017 64.750000 ) (-951.966492 149.372955 64.750000 ) 
4 99 105 (-852 105.576988 64.750000 ) (-844.063232 100.710037 64.750000 ) (-853.536316 89.012100 64.750000 ) (-858.709961 92.184769 64.750000 ) 
3 99 104 (-853.536316 89.012100 64.750000 ) (-862.997620 77.328674 64.750000 ) (-951.966492 149.372955 64.750000 ) 
4 99 103 (-910.332397 208.607819 64.750000 ) (-858.948120 164.302765 64.750000 ) (-837.931030 136 64.750000 ) (-849.568970 126.770996 64.750000 ) 
4 99 102 (-829 123.973022 64.750000 ) (-827.194092 121.541107 64.750000 ) (-836.840881 109.628654 64.750000 ) (-840.638977 114.743973 64.750000 ) 
5 99 101 (-954 168.125259 64.750000 ) (-954 246.259277 64.750000 ) (-910.332397 208.607819 64.750000 ) (-836.840881 109.628654 64.750000 ) (-844.063232 100.710037 64.750000 ) 
3 99 100 (-858.948120 164.302765 64.750000 ) (-819.859009 130.598969 64.750000 ) (-827.194092 121.541107 64.750000 ) 
4 100 121 (-858.953125 164.309464 64.750000 ) (-842.365845 150.007385 64.750000 ) (-842.365845 150.007385 64 ) (-858.953125 164.309464 64 ) 
4 100 120 (-828.061584 137.673859 64.750000 ) (-819.857910 130.600403 64.750000 ) (-819.857910 130.600403 64 ) (-828.061584 137.673859 64 ) 
4 100 119 (-831.920837 141.001404 64.750000 ) (-828.061584 137.673859 64.750000 ) (-828.061584 137.673859 64 ) (-831.920837 141.001404 64 ) 
4 100 103 (-858.945374 164.300598 64.750000 ) (-858.945374 164.300598 64 ) (-837.930359 136 64 ) (-837.930359 136 64.750000 ) 
4 100 102 (-829 123.973518 64 ) (-827.193542 121.541840 64 ) (-827.193542 121.541840 64.750000 ) (-829 123.973518 64.750000 ) 
4 101 124 (-954 246.259277 64 ) (-954 168.125259 64 ) (-954 168.125259 64.750000 ) (-954 246.259277 64.750000 ) 
4 101 121 (-954 246.261719 64 ) (-954 246.261719 64.750000 ) (-910.337341 208.614502 64.750000 ) (-910.337341 208.614502 64 ) 
4 101 106 (-864.105225 113 64.750000 ) (-954 168.124573 64.750000 ) (-954 168.124573 64 ) (-864.105225 113 64 ) 
4 101 105 (-844.063599 100.709602 64 ) (-844.063599 100.709602 64.750000 ) (-852 105.576485 64.750000 ) (-852 105.576485 64 ) 
4 101 103 (-910.327515 208.604004 64 ) (-910.327515 208.604004 64.750000 ) (-849.567688 126.772018 64.750000 ) (-849.567688 126.772018 64 ) 
4 101 102 (-840.637695 114.745041 64.750000 ) (-836.839844 109.630013 64.750000 ) (-836.839844 109.630013 64 ) (-840.637695 114.745041 64 ) 
4 103 121 (-910.337341 208.614502 64.750000 ) (-858.953125 164.309464 64.750000 ) (-858.953125 164.309464 64 ) (-910.337341 208.614502 64 ) 
4 104 108 (-872.322266 84.882210 64.750000 ) (-951.952637 149.364441 64.750000 ) (-951.952637 149.364441 64 ) (-872.322266 84.882210 64 ) 
4 104 106 (-951.964844 149.371094 64 ) (-951.964844 149.371094 64.750000 ) (-870.815308 99.607330 64.750000 ) (-870.815308 99.607330 64 ) 
4 104 105 (-858.710327 92.184113 64.750000 ) (-853.536804 89.011505 64.750000 ) (-853.536804 89.011505 64 ) (-858.710327 92.184113 64 ) 
4 106 124 (-954 168.125259 64 ) (-954 151.019653 64 ) (-954 151.019653 64.750000 ) (-954 168.125259 64.750000 ) 
4 106 108 (-951.952637 149.364441 64.750000 ) (-954 151.022339 64.750000 ) (-954 151.022339 64 ) (-951.952637 149.364441 64 ) 
4 107 124 (-954 135.571884 64 ) (-954 121.004074 64 ) (-954 121.004082 64.750000 ) (-954 135.571884 64.750000 ) 
4 107 111 (-895.290649 84.998695 64.750000 ) (-954 121.002327 64.750000 ) (-954 121.002327 64 ) (-895.290649 84.998688 64 ) 
4 107 109 (-879.857544 75.534332 64.750000 ) (-883.185669 77.575294 64.750000 ) (-883.185669 77.575287 64 ) (-879.857544 75.534332 64 ) 
4 107 108 (-879.863281 75.539063 64.750000 ) (-879.863281 75.539063 64 ) (-954 135.574219 64 ) (-954 135.574219 64.750000 ) 
4 108 124 (-954 151.019653 64 ) (-954 135.571884 64 ) (-954 135.571884 64.750000 ) (-954 151.019653 64.750000 ) 
4 109 110 (-889.895813 64.185295 64 ) (-916.272095 11.541878 64 ) (-916.272095 11.541878 64.750000 ) (-889.895813 64.185295 64.750000 ) 
4 110 163 (-954 0 64.750000 ) (-954 0 64 ) (-925.618774 0 64 ) (-925.618774 0 64.750000 ) 
4 110 124 (-954 103.496246 64 ) (-954 0 64 ) (-954 0 64.750000 ) (-954 103.496246 64.750000 ) 
4 110 111 (-902 71.607407 64 ) (-954 103.496094 64 ) (-954 103.496094 64.750000 ) (-902 71.607407 64.750000 ) 
4 111 124 (-954 121.004074 64 ) (-954 103.496246 64 ) (-954 103.496246 64.750000 ) (-954 121.004082 64.750000 ) 
4 112 118 (-802.048767 155.988632 64 ) (-800.222656 154.847656 64 ) (-800.222656 154.847656 64.750000 ) (-802.048767 155.988632 64.750000 ) 
4 112 115 (-797.515198 172.074219 64.750000 ) (-769 201.091156 64.750000 ) (-769 201.091156 64 ) (-797.515198 172.074219 64 ) 
4 112 114 (-809.035156 160.351563 64 ) (-809.035156 160.351563 64.750000 ) (-805.926208 163.515228 64.750000 ) (-805.926208 163.515228 64 ) 
4 113 121 (-833.600281 175.703171 64.750000 ) (-891.817017 262 64.750000 ) (-891.817017 262 64 ) (-833.600281 175.703171 64 ) 
4 113 117 (-833.601563 175.703125 64.750000 ) (-833.601563 175.703125 64 ) (-819.457581 166.865829 64 ) (-819.457581 166.865829 64.750000 ) 
4 113 115 (-806.072327 180.483368 64 ) (-769 218.207825 64 ) (-769 218.207825 64.750000 ) (-806.072327 180.483368 64.750000 ) 
4 113 114 (-819.453125 166.867188 64.750000 ) (-819.453125 166.867188 64 ) (-814.483337 171.924377 64 ) (-814.483337 171.924377 64.750000 ) 
4 114 117 (-819.457581 166.865829 64 ) (-809.990662 160.950806 64 ) (-809.990662 160.950806 64.750000 ) (-819.457581 166.865829 64.750000 ) 
4 116 122 (-819.830261 155.291351 64.750000 ) (-820.726074 156.619232 64.750000 ) (-820.726074 156.619232 64 ) (-819.830261 155.291351 64 ) 
4 116 119 (-814.236877 147 64.750000 ) (-819.830261 155.291351 64.750000 ) (-819.830261 155.291351 64 ) (-814.236877 147 64 ) 
4 116 118 (-807.010803 148.046631 64.750000 ) (-806.160217 147.515106 64.750000 ) (-806.160217 147.515106 64 ) (-807.010803 148.046631 64 ) 
4 116 117 (-820.722656 156.615234 64 ) (-820.722656 156.615234 64.750000 ) (-814.952820 153.009644 64.750000 ) (-814.952820 153.009644 64 ) 
4 117 122 (-820.726074 156.619232 64.750000 ) (-827.844910 167.171753 64.750000 ) (-827.844910 167.171753 64 ) (-820.726074 156.619232 64 ) 
4 117 121 (-827.844910 167.171753 64.750000 ) (-833.600281 175.703171 64.750000 ) (-833.600281 175.703171 64 ) (-827.844910 167.171753 64 ) 
4 119 122 (-819.830078 155.287109 64.750000 ) (-819.830078 155.287109 64 ) (-822.997803 151.543152 64 ) (-822.997803 151.543152 64.750000 ) 
4 119 120 (-828.061829 137.671677 64.750000 ) (-828.061829 137.671677 64 ) (-821.998962 141.761597 64 ) (-821.998962 141.761597 64.750000 ) 
4 121 124 (-954 261 64 ) (-954 246.259277 64 ) (-954 246.259277 64.750000 ) (-954 261 64.750000 ) 
4 121 123 (-954 262 64.750000 ) (-954 262 64 ) (-954 261 64 ) (-954 261 64.750000 ) 
4 121 122 (-833.447510 160.552353 64 ) (-827.847656 167.171875 64 ) (-827.847656 167.171875 64.750000 ) (-833.447510 160.552353 64.750000 ) 
5 123 124 (-958 261 70 ) (-958 261 64.406250 ) (-954.052307 261 64 ) (-954 261 64 ) (-954 261 70 ) 
4 123 125 (-958 262 303 ) (-958 262 64.404305 ) (-958 261 64.404305 ) (-958 261 303 ) 
5 124 164 (-958 0 70 ) (-958 0 64.406578 ) (-954.049133 0 64 ) (-954 0 64 ) (-954 0 70 ) 
4 124 125 (-958 261 64.404305 ) (-958 0 64.404297 ) (-958 0 70 ) (-958 261 70 ) 
4 125 165 (-1024 0 210 ) (-1024 0 71.198532 ) (-958 0 64.406578 ) (-958 0 210 ) 
4 125 148 (-958 0 303 ) (-1024 0 303 ) (-1024 0 210 ) (-958 0 210 ) 
4 125 131 (-1024 0 71.198517 ) (-1024 0 303 ) (-1024 262 303 ) (-1024 262 71.198532 ) 
4 126 128 (-954 262 48 ) (-954 365 48 ) (-769 365 48 ) (-769 262 48 ) 
4 128 177 (-769 0 -60 ) (-769 0 48 ) (-954 0 48 ) (-954 0 -60 ) 
4 128 129 (-954 0 -60 ) (-954 0 48 ) (-954 365 48 ) (-954 365 -60 ) 
4 129 177 (-954 0 -60 ) (-954 0 48 ) (-1024 0 48 ) (-1024 0 -60 ) 
3 129 167 (-954 0 48 ) (-1024 0 55.203571 ) (-1024 0 48 ) 
4 129 130 (-1024 0 -60 ) (-1024 0 55.203575 ) (-1024 365 55.203571 ) (-1024 365 -60 ) 
4 130 178 (-1024 0 -60 ) (-1024 0 55.203568 ) (-1401 0 94 ) (-1401 0 -60 ) 
4 130 132 (-1401 365 94 ) (-1401 365 -60 ) (-1401 0 -60 ) (-1401 0 94 ) 
4 131 179 (-1024 0 71.198517 ) (-1024 0 351 ) (-1401 0 351 ) (-1401 0 109.994949 ) 
4 131 132 (-1401 365 351 ) (-1401 365 109.994949 ) (-1401 0 109.994949 ) (-1401 0 351 ) 
4 132 180 (-1401 0 351 ) (-1572.630127 0 351 ) (-1572.630127 0 -60 ) (-1401 0 -60 ) 
4 133 138 (0 -59 211 ) (0 -207 211 ) (-320 -207 211 ) (-320 -59 211 ) 
4 133 137 (-320 0 211 ) (0 0 211 ) (0 -59 211 ) (-320 -59 211 ) 
4 133 135 (-320 -80 351 ) (-320 0 351 ) (-320 0 249.491638 ) (-320 -80 241 ) 
4 133 136 (-320 -207 211.519547 ) (-320 -207 351 ) (-320 -80 351 ) (-320 -80 225 ) 
4 133 134 (-320 -64 211 ) (-320 -207 211 ) (-320 -207 211.519547 ) (-320 -64 226.698318 ) 
5 134 144 (-769 -105.578964 211 ) (-769 -207 211 ) (-769 -207 211.519547 ) (-769 -80 225 ) (-769 -80 217 ) 
3 134 142 (-769 -64 211 ) (-769 -105.578964 211 ) (-769 -64 220.753098 ) 
4 134 139 (-769 -207 211 ) (-769 -64 211 ) (-512 -64 211 ) (-512 -207 211 ) 
4 134 138 (-512 -64 211 ) (-320 -64 211 ) (-320 -207 211 ) (-512 -207 211 ) 
4 134 136 (-769 -207 211.519531 ) (-320 -207 211.519531 ) (-320 -80 225 ) (-769 -80 225 ) 
5 135 143 (-769 -80 351 ) (-769 0 351 ) (-769 0 251.765442 ) (-769 -17.705637 247.612259 ) (-769 -80 241 ) 
4 135 136 (-320 -80 241 ) (-320 -80 351 ) (-769 -80 351 ) (-769 -80 241 ) 
4 136 144 (-769 -207 351 ) (-769 -80 351 ) (-769 -80 225 ) (-769 -207 211.519547 ) 
4 137 152 (-118 0 210 ) (-14 0 210 ) (-14 -59 210 ) (-118 -59 210 ) 
4 137 149 (-14 0 210 ) (0 0 210 ) (0 -59 210 ) (-14 -59 210 ) 
4 137 159 (-320 0 210 ) (-118 0 210 ) (-118 -59 210 ) (-320 -59 210 ) 
4 137 138 (-326 -59 210 ) (0 -59 210 ) (0 -59 211 ) (-326 -59 211 ) 
4 138 171 (0 -127 210 ) (0 -207 210 ) (-512 -207 210 ) (-512 -127 210 ) 
4 138 168 (0 -64 210 ) (0 -127 210 ) (-512 -127 210 ) (-512 -64 210 ) 
4 138 152 (-14 -64 210 ) (-118 -64 210 ) (-118 -59 210 ) (-14 -59 210 ) 
4 138 149 (0 -59 210 ) (0 -64 210 ) (-14 -64 210 ) (-14 -59 210 ) 
4 138 159 (-118 -64 210 ) (-320 -64 210 ) (-320 -59 210 ) (-118 -59 210 ) 
4 138 139 (-512 -59 210 ) (-512 -207 210 ) (-512 -207 211 ) (-512 -59 211 ) 
4 139 171 (-512 -127 210 ) (-512 -207 210 ) (-769 -207 210 ) (-769 -127 210 ) 
4 139 168 (-512 -64 210 ) (-512 -127 210 ) (-769 -127 210 ) (-769 -64 210 ) 
4 139 144 (-769 -109.842087 210 ) (-769 -207 210 ) (-769 -207 211 ) (-769 -105.578949 211 ) 
4 139 140 (-769 -58 210 ) (-769 -64 210 ) (-769 -64 211 ) (-769 -58 211 ) 
4 139 142 (-769 -64 210 ) (-769 -109.842087 210 ) (-769 -105.578949 211 ) (-769 -64 211 ) 
4 140 141 (-835 -58 210 ) (-835 -64 210 ) (-835 -64 211 ) (-835 -58 211 ) 
4 140 142 (-769 -64 210 ) (-769 -64 211 ) (-835 -64 211 ) (-835 -64 210 ) 
4 141 162 (-836 0 210 ) (-835 0 210 ) (-835 -58 210 ) (-836 -58 210 ) 
4 141 145 (-836 0 210 ) (-836 -64 210 ) (-836 -64 211 ) (-836 0 211 ) 
4 141 142 (-836 -64 211 ) (-836 -64 210 ) (-835 -64 210 ) (-835 -64 211 ) 
4 142 168 (-769 -64 210 ) (-769 -109.842087 210 ) (-836 -109.842102 210 ) (-836 -64 210 ) 
3 142 145 (-836 -64 210 ) (-836 -109.842087 210 ) (-836 -64 220.753082 ) 
4 142 144 (-836 -80 217 ) (-836 -109.843567 210 ) (-769 -109.843750 210 ) (-769 -80 217 ) 
4 143 145 (-836 -80 351 ) (-836 0 351 ) (-836 0 251.765427 ) (-836 -80 233 ) 
4 143 144 (-836 -80 351 ) (-836 -80 233 ) (-769 -80 233 ) (-769 -80 351 ) 
4 144 171 (-769 -127 210 ) (-769 -207 210 ) (-836 -207 210 ) (-836 -127 210 ) 
4 144 168 (-769 -109.842087 210 ) (-769 -127 210 ) (-836 -127 210 ) (-836 -109.842102 210 ) 
5 144 145 (-836 -109.842087 210 ) (-836 -207 210 ) (-836 -207 351 ) (-836 -80 351 ) (-836 -80 217 ) 
4 145 171 (-836 -127 210 ) (-836 -207 210 ) (-954 -207 210 ) (-954 -127 210 ) 
4 145 168 (-836 -64 210 ) (-836 -127 210 ) (-954 -127 210 ) (-954 -64 210 ) 
4 145 163 (-954 0 210 ) (-836 0 210 ) (-836 -64 210 ) (-954 -64 210 ) 
4 145 146 (-954 -127 303 ) (-954 -127 351 ) (-954 0 351 ) (-954 0 303 ) 
4 145 147 (-954 -127 210 ) (-954 -207 210 ) (-954 -207 351 ) (-954 -127 351 ) 
4 146 147 (-958 -127 351 ) (-958 -127 303 ) (-954 -127 303 ) (-954 -127 351 ) 
4 146 148 (-958 -127 303 ) (-958 -127 351 ) (-958 0 351 ) (-958 0 303 ) 
4 147 171 (-954 -127 210 ) (-954 -207 210 ) (-958 -207 210 ) (-958 -127 210 ) 
4 147 148 (-958 -127 210 ) (-958 -207 210 ) (-958 -207 351 ) (-958 -127 351 ) 
4 148 179 (-1024 0 351 ) (-1024 0 210 ) (-1024 -207 210 ) (-1024 -207 351 ) 
4 148 171 (-1024 -207 210 ) (-1024 -127 210 ) (-958 -127 210 ) (-958 -207 210 ) 
4 148 170 (-1024 -127 210 ) (-1024 -64 210 ) (-958 -64 210 ) (-958 -127 210 ) 
4 148 165 (-1024 -64 210 ) (-1024 0 210 ) (-958 0 210 ) (-958 -64 210 ) 
4 149 168 (0 -64 64 ) (0 -64 210 ) (-14 -64 210 ) (-14 -64 64 ) 
4 149 158 (-14 -64 181.085129 ) (-14 -64 187.319016 ) (-14 -51.866032 187.319016 ) (-14 -50.879997 184.726776 ) 
4 149 157 (-14 -48 64 ) (-14 -64 64 ) (-14 -64 181.085129 ) (-14 -48 185.526169 ) 
5 149 154 (-14 0 64 ) (-14 -48 64 ) (-14 -48 185.526169 ) (-14 -41.540764 187.319016 ) (-14 0 187.319016 ) 
4 149 153 (-14 -64 187.319016 ) (-14 -64 189.495438 ) (-14 -53.773613 192.333939 ) (-14 -51.866035 187.319016 ) 
4 149 152 (-14 -64 189.495438 ) (-14 -64 210 ) (-14 0 210 ) (-14 0 207.259689 ) 
3 149 150 (-14 0 198.849228 ) (-14 0 187.319016 ) (-14 -41.540741 187.319016 ) 
4 150 154 (-16 0 187.319016 ) (-14 0 187.319016 ) (-14 -41.540741 187.319016 ) (-16 -41.540752 187.319016 ) 
4 151 156 (-118 -41.541367 187.319016 ) (-118 0 187.319016 ) (-116 0 187.319016 ) (-116 -41.541355 187.319016 ) 
3 151 159 (-118 0 198.849411 ) (-118 0 187.319016 ) (-118 -41.541367 187.319016 ) 
4 152 168 (-14 -64 210 ) (-118 -64 210 ) (-118 -64 189.495438 ) (-14 -64 189.495438 ) 
4 152 153 (-118 -64 189.496185 ) (-118 -53.773872 192.334610 ) (-14 -53.773884 192.334641 ) (-14 -64 189.496094 ) 
4 152 159 (-118 -64 189.495438 ) (-118 -64 210 ) (-118 0 210 ) (-118 0 207.259689 ) 
4 153 168 (-118 -64 189.495438 ) (-118 -64 187.319016 ) (-14 -64 187.319016 ) (-14 -64 189.495438 ) 
4 153 158 (-118 -64 187.319016 ) (-118 -51.866035 187.319016 ) (-14 -51.866035 187.319016 ) (-14 -64 187.319016 ) 
4 153 159 (-118 -64 187.319016 ) (-118 -64 189.495438 ) (-118 -53.773613 192.333939 ) (-118 -51.866035 187.319016 ) 
4 154 157 (-14 -48 64 ) (-14 -48 185.526169 ) (-16 -48 185.526169 ) (-16 -48 64 ) 
4 156 157 (-118 -48 185.526337 ) (-118 -48 64 ) (-116 -48 64 ) (-116 -48 185.526337 ) 
5 156 159 (-118 0 64 ) (-118 -48 64 ) (-118 -48 185.526337 ) (-118 -41.541393 187.319016 ) (-118 0 187.319016 ) 
4 157 168 (-118 -64 181.085312 ) (-118 -64 64 ) (-14 -64 64 ) (-14 -64 181.085129 ) 
4 157 158 (-118 -50.880135 184.727142 ) (-118 -64 181.085541 ) (-14 -64 181.085388 ) (-14 -50.880081 184.726990 ) 
4 157 159 (-118 -48 64 ) (-118 -64 64 ) (-118 -64 181.085297 ) (-118 -48 185.526337 ) 
4 158 168 (-118 -64 187.319016 ) (-118 -64 181.085312 ) (-14 -64 181.085129 ) (-14 -64 187.319016 ) 
4 158 159 (-118 -64 181.085297 ) (-118 -64 187.319016 ) (-118 -51.866032 187.319016 ) (-118 -50.880058 184.726929 ) 
4 159 168 (-118 -64 210 ) (-320 -64 210 ) (-320 -64 64 ) (-118 -64 64 ) 
4 162 163 (-836 0 64 ) (-836 -58 64 ) (-836 -58 210 ) (-836 0 210 ) 
4 163 168 (-836 -64 210 ) (-954 -64 210 ) (-954 -64 64 ) (-836 -64 64 ) 
4 163 164 (-954 0 64 ) (-954 -64 64 ) (-954 -64 70 ) (-954 0 70 ) 
5 164 169 (-958 -64 70 ) (-958 -64 64.406570 ) (-954.049194 -64 64 ) (-954 -64 64 ) (-954 -64 70 ) 
4 164 165 (-958 0 64.404297 ) (-958 -64 64.404297 ) (-958 -64 70 ) (-958 0 70 ) 
4 165 179 (-1024 0 210 ) (-1024 0 71.198517 ) (-1024 -64 71.198517 ) (-1024 -64 210 ) 
4 165 170 (-958 -64 210 ) (-1024 -64 210 ) (-1024 -64 71.198517 ) (-958 -64 64.406570 ) 
4 166 177 (-512 -58 48 ) (-512 -64 48 ) (-836 -64 48 ) (-836 -58 48 ) 
4 167 178 (-1024 0 55.203571 ) (-1024 0 48 ) (-1024 -64 48 ) (-1024 -64 55.203571 ) 
4 167 177 (-1024 -64 48 ) (-1024 0 48 ) (-954 0 48 ) (-954 -64 48 ) 
3 167 176 (-1024 -64 48 ) (-954 -64 48 ) (-1024 -64 55.203571 ) 
4 168 172 (-954 -127 64 ) (0 -127 64 ) (0 -127 160 ) (-954 -127 160 ) 
4 168 171 (0 -127 160 ) (0 -127 210 ) (-954 -127 210 ) (-954 -127 160 ) 
4 168 169 (-954 -64 70 ) (-954 -64 64 ) (-954 -127 64 ) (-954 -127 70 ) 
5 169 172 (-954.049133 -127 64 ) (-954 -127 64 ) (-954 -127 70 ) (-958 -127 70 ) (-958 -127 64.406578 ) 
4 169 170 (-958 -64 70 ) (-958 -64 64.404297 ) (-958 -127 64.404297 ) (-958 -127 70 ) 
4 170 179 (-1024 -127 210 ) (-1024 -64 210 ) (-1024 -64 71.198517 ) (-1024 -127 71.198517 ) 
4 170 174 (-1024 -127 160 ) (-1024 -127 71.198517 ) (-984 -127 67.082191 ) (-984 -127 160 ) 
4 170 172 (-984 -127 67.082191 ) (-958 -127 64.406578 ) (-958 -127 160 ) (-984 -127 160 ) 
4 170 171 (-958 -127 210 ) (-1024 -127 210 ) (-1024 -127 160 ) (-958 -127 160 ) 
4 171 179 (-1024 -207 160 ) (-1024 -207 210 ) (-1024 -127 210 ) (-1024 -127 160 ) 
4 171 174 (-984 -207 160 ) (-1024 -207 160 ) (-1024 -127 160 ) (-984 -127 160 ) 
4 171 173 (0 -207 160 ) (-984 -207 160 ) (-984 -136 160 ) (0 -136 160 ) 
4 171 172 (-984 -128 160 ) (-984 -127 160 ) (0 -127 160 ) (0 -128 160 ) 
4 172 174 (-984 -128 160 ) (-984 -127 160 ) (-984 -127 67.082184 ) (-984 -128 67.082191 ) 
4 173 175 (0 -207 64 ) (-954.049194 -207 64 ) (-954.049133 -136 64 ) (0 -136 64 ) 
4 173 174 (-984 -207 160 ) (-984 -136 160 ) (-984 -136 67.082184 ) (-984 -207 67.082191 ) 
4 174 179 (-1024 -207 71.198517 ) (-1024 -207 160 ) (-1024 -127 160 ) (-1024 -127 71.198517 ) 
4 175 177 (0 -128 48 ) (0 -207 48 ) (-954 -207 48 ) (-954 -128 48 ) 
4 176 178 (-1024 -64 48 ) (-1024 -207 48 ) (-1024 -207 55.203571 ) (-1024 -64 55.203571 ) 
4 176 177 (-1024 -207 48 ) (-1024 -64 48 ) (-954 -64 48 ) (-954 -207 48 ) 
4 177 178 (-1024 0 48 ) (-1024 0 -60 ) (-1024 -207 -60 ) (-1024 -207 48 ) 
4 178 180 (-1401 0 -60 ) (-1401 -207 -60 ) (-1401 -207 94 ) (-1401 0 94 ) 
4 179 180 (-1401 -207 109.994949 ) (-1401 -207 351 ) (-1401 0 351 ) (-1401 0 109.994949 ) 
