


materialPath: C:\Program Files (x86)\Steam\steamapps\common\GarrysMod\garrysmod\materials
Loading C:\Users\iD Student\Desktop\Reece B\Hammer Maps\Small_House1.vmf
Could not locate 'GameData' key in c:\program files (x86)\steam\steamapps\common\garrysmod\garrysmod\gameinfo.txt
fixing up env_cubemap materials on brush sides...
0...1...2...3...4...5...6...7...8...9...10**** leaked ****
Entity info_player_start (-108.14 135.93 65.00) leaked!
Processing areas...done (0)
Building Faces...done (0)
FixTjuncs...
PruneNodes...
WriteBSP...
done (0)
Creating default LDR cubemaps for env_cubemap using skybox materials:
   skybox/sky_day01_01*.vmt
 ! Run buildcubemaps in the engine to get the correct cube maps.
Creating default HDR cubemaps for env_cubemap using skybox materials:
   skybox/sky_day01_01*.vmt
 ! Run buildcubemaps in the engine to get the correct cube maps.
Finding displacement neighbors...
Finding lightmap sample positions...
Displacement Alpha : 0...1...2...3...4...5...6...7...8...9...10
Building Physics collision data...
done (0) (4198 bytes)
Placing detail props : 0...1...2...3...4...5...6...7...8...9...10
Compacting texture/material tables...
Reduced 19 texinfos to 11
Reduced 4 texdatas to 4 (83 bytes to 83)
Writing C:\Users\iD Student\Desktop\Reece B\Hammer Maps\Small_House1.bsp
0 seconds elapsed



8 threads
reading c:\users\id student\desktop\reece b\hammer maps\Small_House1.bsp
reading c:\users\id student\desktop\reece b\hammer maps\Small_House1.prt
LoadPortals: couldn't read c:\users\id student\desktop\reece b\hammer maps\Small_House1.prt



[Reading texlights from 'lights.rad']
[45 texlights parsed from 'lights.rad']

Loading c:\users\id student\desktop\reece b\hammer maps\Small_House1.bsp
No vis information, direct lighting only.
22 faces
1490 square feet [214628.22 square inches]
0 Displacements
0 Square Feet [0.00 Square Inches]
0 direct lights
0...1...2...3...4...5...6...7...8...9...10Build Patch/Sample Hash Table(s).....Done<0.0001 sec>
0...1...2...3...4...5...6...7...8...9...10FinalLightFace Done
0 of 0 (0% of) surface lights went in leaf ambient cubes.
0...1...2...3...4...5...6...7...8...9...10Writing leaf ambient...done
Ready to Finish

Object names       Objects/Maxobjs  Memory / Maxmem  Fullness 
------------       ---------------  ---------------  -------- 
models                   1/1024           48/49152    ( 0.1%) 
brushes                 11/8192          132/98304    ( 0.1%) 
brushsides              70/65536         560/524288   ( 0.1%) 
planes                  80/65536        1600/1310720  ( 0.1%) 
vertexes               107/65536        1284/786432   ( 0.2%) 
nodes                   75/65536        2400/2097152  ( 0.1%) 
texinfos                11/12288         792/884736   ( 0.1%) 
texdata                  4/2048          128/65536    ( 0.2%) 
dispinfos                0/0               0/0        ( 0.0%) 
disp_verts               0/0               0/0        ( 0.0%) 
disp_tris                0/0               0/0        ( 0.0%) 
disp_lmsamples           0/0               0/0        ( 0.0%) 
faces                   22/65536        1232/3670016  ( 0.0%) 
hdr faces                0/65536           0/3670016  ( 0.0%) 
origfaces               13/65536         728/3670016  ( 0.0%) 
leaves                  77/65536        2464/2097152  ( 0.1%) 
leaffaces               26/65536          52/131072   ( 0.0%) 
leafbrushes             18/65536          36/131072   ( 0.0%) 
areas                    2/256            16/2048     ( 0.8%) 
surfedges              143/512000        572/2048000  ( 0.0%) 
edges                  102/256000        408/1024000  ( 0.0%) 
LDR worldlights          0/8192            0/720896   ( 0.0%) 
HDR worldlights          0/8192            0/720896   ( 0.0%) 
leafwaterdata            0/32768           0/393216   ( 0.0%) 
waterstrips              1/32768          10/327680   ( 0.0%) 
waterverts               0/65536           0/786432   ( 0.0%) 
waterindices            12/65536          24/131072   ( 0.0%) 
cubemapsamples           0/1024            0/16384    ( 0.0%) 
overlays                 0/512             0/180224   ( 0.0%) 
LDR lightdata         [variable]       10608/0        ( 0.0%) 
HDR lightdata         [variable]           0/0        ( 0.0%) 
visdata               [variable]           0/16777216 ( 0.0%) 
entdata               [variable]        1390/393216   ( 0.4%) 
LDR ambient table       77/65536         308/262144   ( 0.1%) 
HDR ambient table       77/65536         308/262144   ( 0.1%) 
LDR leaf ambient        58/65536        1624/1835008  ( 0.1%) 
HDR leaf ambient        77/65536        2156/1835008  ( 0.1%) 
occluders                0/0               0/0        ( 0.0%) 
occluder polygons        0/0               0/0        ( 0.0%) 
occluder vert ind        0/0               0/0        ( 0.0%) 
detail props          [variable]           1/12       ( 8.3%) 
static props          [variable]           1/12       ( 8.3%) 
pakfile               [variable]      105679/0        ( 0.0%) 
physics               [variable]        4198/4194304  ( 0.1%) 
physics terrain       [variable]           2/1048576  ( 0.0%) 

Level flags = 0

Total triangle count: 47
Writing c:\users\id student\desktop\reece b\hammer maps\Small_House1.bsp
0 seconds elapsed



materialPath: C:\Program Files (x86)\Steam\steamapps\common\GarrysMod\garrysmod\materials
Loading C:\Users\iD Student\Desktop\Reece B\Hammer Maps\Small_House1.vmf
Could not locate 'GameData' key in c:\program files (x86)\steam\steamapps\common\garrysmod\garrysmod\gameinfo.txt
fixing up env_cubemap materials on brush sides...
0...1...2...3...4...5...6...7...8...9...10**** leaked ****
Entity prop_physics (-103.00 -27.00 142.00) leaked!
Processing areas...done (0)
Building Faces...done (0)
FixTjuncs...
PruneNodes...
WriteBSP...
done (0)
Creating default LDR cubemaps for env_cubemap using skybox materials:
   skybox/sky_day01_01*.vmt
 ! Run buildcubemaps in the engine to get the correct cube maps.
Creating default HDR cubemaps for env_cubemap using skybox materials:
   skybox/sky_day01_01*.vmt
 ! Run buildcubemaps in the engine to get the correct cube maps.
Finding displacement neighbors...
Finding lightmap sample positions...
Displacement Alpha : 0...1...2...3...4...5...6...7...8...9...10
Building Physics collision data...
done (0) (4622 bytes)
Placing detail props : 0...1...2...3...4...5...6...7...8...9...10
Compacting texture/material tables...
Reduced 19 texinfos to 12
Reduced 5 texdatas to 5 (101 bytes to 101)
Writing C:\Users\iD Student\Desktop\Reece B\Hammer Maps\Small_House1.bsp
0 seconds elapsed



8 threads
reading c:\users\id student\desktop\reece b\hammer maps\Small_House1.bsp
reading c:\users\id student\desktop\reece b\hammer maps\Small_House1.prt
LoadPortals: couldn't read c:\users\id student\desktop\reece b\hammer maps\Small_House1.prt



[Reading texlights from 'lights.rad']
[45 texlights parsed from 'lights.rad']

Loading c:\users\id student\desktop\reece b\hammer maps\Small_House1.bsp
No vis information, direct lighting only.
57 faces
1983 square feet [285571.44 square inches]
0 Displacements
0 Square Feet [0.00 Square Inches]
0 direct lights
0...1...2...3...4...5...6...7...8...9...10Build Patch/Sample Hash Table(s).....Done<0.0000 sec>
0...1...2...3...4...5...6...7...8...9...10FinalLightFace Done
0 of 0 (0% of) surface lights went in leaf ambient cubes.
0...1...2...3...4...5...6...7...8...9...10Writing leaf ambient...done
Ready to Finish

Object names       Objects/Maxobjs  Memory / Maxmem  Fullness 
------------       ---------------  ---------------  -------- 
models                   1/1024           48/49152    ( 0.1%) 
brushes                 12/8192          144/98304    ( 0.1%) 
brushsides              81/65536         648/524288   ( 0.1%) 
planes                  88/65536        1760/1310720  ( 0.1%) 
vertexes               105/65536        1260/786432   ( 0.2%) 
nodes                   80/65536        2560/2097152  ( 0.1%) 
texinfos                12/12288         864/884736   ( 0.1%) 
texdata                  5/2048          160/65536    ( 0.2%) 
dispinfos                0/0               0/0        ( 0.0%) 
disp_verts               0/0               0/0        ( 0.0%) 
disp_tris                0/0               0/0        ( 0.0%) 
disp_lmsamples           0/0               0/0        ( 0.0%) 
faces                   57/65536        3192/3670016  ( 0.1%) 
hdr faces                0/65536           0/3670016  ( 0.0%) 
origfaces               35/65536        1960/3670016  ( 0.1%) 
leaves                  82/65536        2624/2097152  ( 0.1%) 
leaffaces               67/65536         134/131072   ( 0.1%) 
leafbrushes             20/65536          40/131072   ( 0.0%) 
areas                    2/256            16/2048     ( 0.8%) 
surfedges              397/512000       1588/2048000  ( 0.1%) 
edges                  250/256000       1000/1024000  ( 0.1%) 
LDR worldlights          0/8192            0/720896   ( 0.0%) 
HDR worldlights          0/8192            0/720896   ( 0.0%) 
leafwaterdata            0/32768           0/393216   ( 0.0%) 
waterstrips              1/32768          10/327680   ( 0.0%) 
waterverts               0/65536           0/786432   ( 0.0%) 
waterindices            12/65536          24/131072   ( 0.0%) 
cubemapsamples           0/1024            0/16384    ( 0.0%) 
overlays                 0/512             0/180224   ( 0.0%) 
LDR lightdata         [variable]       26280/0        ( 0.0%) 
HDR lightdata         [variable]           0/0        ( 0.0%) 
visdata               [variable]           0/16777216 ( 0.0%) 
entdata               [variable]        8141/393216   ( 2.1%) 
LDR ambient table       82/65536         328/262144   ( 0.1%) 
HDR ambient table       82/65536         328/262144   ( 0.1%) 
LDR leaf ambient        61/65536        1708/1835008  ( 0.1%) 
HDR leaf ambient        82/65536        2296/1835008  ( 0.1%) 
occluders                0/0               0/0        ( 0.0%) 
occluder polygons        0/0               0/0        ( 0.0%) 
occluder vert ind        0/0               0/0        ( 0.0%) 
detail props          [variable]           1/12       ( 8.3%) 
static props          [variable]           1/12       ( 8.3%) 
pakfile               [variable]      105679/0        ( 0.0%) 
physics               [variable]        4622/4194304  ( 0.1%) 
physics terrain       [variable]           2/1048576  ( 0.0%) 

Level flags = 0

Total triangle count: 141
Writing c:\users\id student\desktop\reece b\hammer maps\Small_House1.bsp
0 seconds elapsed



materialPath: C:\Program Files (x86)\Steam\steamapps\common\GarrysMod\garrysmod\materials
Loading C:\Users\iD Student\Desktop\Reece B\Hammer Maps\Small_House1.vmf
ConVarRef mat_reduceparticles doesn't point to an existing ConVar
Could not locate 'GameData' key in c:\program files (x86)\steam\steamapps\common\garrysmod\garrysmod\gameinfo.txt
fixing up env_cubemap materials on brush sides...
0...1...2...3...4...5...6...7...8...9...10**** leaked ****
Entity prop_door_rotating (-544.00 62.00 118.00) leaked!
Processing areas...done (0)
Building Faces...done (0)
FixTjuncs...
PruneNodes...
WriteBSP...
done (0)
Creating default LDR cubemaps for env_cubemap using skybox materials:
   skybox/sky_day01_01*.vmt
 ! Run buildcubemaps in the engine to get the correct cube maps.
Creating default HDR cubemaps for env_cubemap using skybox materials:
   skybox/sky_day01_01*.vmt
 ! Run buildcubemaps in the engine to get the correct cube maps.
Finding displacement neighbors...
Finding lightmap sample positions...
Displacement Alpha : 0...1...2...3...4...5...6...7...8...9...10
Building Physics collision data...
done (0) (8297 bytes)
Placing detail props : 0...1...2...3...4...5...6...7...8...9...10
Compacting texture/material tables...
Reduced 27 texinfos to 19
Reduced 9 texdatas to 9 (192 bytes to 192)
Writing C:\Users\iD Student\Desktop\Reece B\Hammer Maps\Small_House1.bsp
0 seconds elapsed



8 threads
reading c:\users\id student\desktop\reece b\hammer maps\Small_House1.bsp
reading c:\users\id student\desktop\reece b\hammer maps\Small_House1.prt
LoadPortals: couldn't read c:\users\id student\desktop\reece b\hammer maps\Small_House1.prt



[Reading texlights from 'lights.rad']
[45 texlights parsed from 'lights.rad']

Loading c:\users\id student\desktop\reece b\hammer maps\Small_House1.bsp
No vis information, direct lighting only.
95 faces
3900 square feet [561636.69 square inches]
0 Displacements
0 Square Feet [0.00 Square Inches]
0 direct lights
0...1...2...3...4...5...6...7...8...9...10Build Patch/Sample Hash Table(s).....Done<0.0001 sec>
0...1...2...3...4...5...6...7...8...9...10FinalLightFace Done
0 of 0 (0% of) surface lights went in leaf ambient cubes.
0...1...2...3...4...5...6...7...8...9...10Writing leaf ambient...done
Ready to Finish

Object names       Objects/Maxobjs  Memory / Maxmem  Fullness 
------------       ---------------  ---------------  -------- 
models                   1/1024           48/49152    ( 0.1%) 
brushes                 22/8192          264/98304    ( 0.3%) 
brushsides             141/65536        1128/524288   ( 0.2%) 
planes                 128/65536        2560/1310720  ( 0.2%) 
vertexes               193/65536        2316/786432   ( 0.3%) 
nodes                  126/65536        4032/2097152  ( 0.2%) 
texinfos                19/12288        1368/884736   ( 0.2%) 
texdata                  9/2048          288/65536    ( 0.4%) 
dispinfos                0/0               0/0        ( 0.0%) 
disp_verts               0/0               0/0        ( 0.0%) 
disp_tris                0/0               0/0        ( 0.0%) 
disp_lmsamples           0/0               0/0        ( 0.0%) 
faces                   95/65536        5320/3670016  ( 0.1%) 
hdr faces                0/65536           0/3670016  ( 0.0%) 
origfaces               48/65536        2688/3670016  ( 0.1%) 
leaves                 128/65536        4096/2097152  ( 0.2%) 
leaffaces              101/65536         202/131072   ( 0.2%) 
leafbrushes             54/65536         108/131072   ( 0.1%) 
areas                    2/256            16/2048     ( 0.8%) 
surfedges              625/512000       2500/2048000  ( 0.1%) 
edges                  391/256000       1564/1024000  ( 0.2%) 
LDR worldlights          0/8192            0/720896   ( 0.0%) 
HDR worldlights          0/8192            0/720896   ( 0.0%) 
leafwaterdata            0/32768           0/393216   ( 0.0%) 
waterstrips              4/32768          40/327680   ( 0.0%) 
waterverts               0/65536           0/786432   ( 0.0%) 
waterindices            63/65536         126/131072   ( 0.1%) 
cubemapsamples           0/1024            0/16384    ( 0.0%) 
overlays                 0/512             0/180224   ( 0.0%) 
LDR lightdata         [variable]       45960/0        ( 0.0%) 
HDR lightdata         [variable]           0/0        ( 0.0%) 
visdata               [variable]           0/16777216 ( 0.0%) 
entdata               [variable]        9693/393216   ( 2.5%) 
LDR ambient table      128/65536         512/262144   ( 0.2%) 
HDR ambient table      128/65536         512/262144   ( 0.2%) 
LDR leaf ambient        82/65536        2296/1835008  ( 0.1%) 
HDR leaf ambient       128/65536        3584/1835008  ( 0.2%) 
occluders                0/0               0/0        ( 0.0%) 
occluder polygons        0/0               0/0        ( 0.0%) 
occluder vert ind        0/0               0/0        ( 0.0%) 
detail props          [variable]           1/12       ( 8.3%) 
static props          [variable]           1/12       ( 8.3%) 
pakfile               [variable]      105679/0        ( 0.0%) 
physics               [variable]        8297/4194304  ( 0.2%) 
physics terrain       [variable]           2/1048576  ( 0.0%) 

Level flags = 0

Total triangle count: 241
Writing c:\users\id student\desktop\reece b\hammer maps\Small_House1.bsp
0 seconds elapsed



materialPath: C:\Program Files (x86)\Steam\steamapps\common\GarrysMod\garrysmod\materials
Loading C:\Users\iD Student\Desktop\Reece B\Hammer Maps\Small_House1.vmf
ConVarRef mat_reduceparticles doesn't point to an existing ConVar
Could not locate 'GameData' key in c:\program files (x86)\steam\steamapps\common\garrysmod\garrysmod\gameinfo.txt
fixing up env_cubemap materials on brush sides...
0...1...2...3...4...5...6...7...8...9...10**** leaked ****
Entity prop_door_rotating (-544.00 62.00 118.00) leaked!
Processing areas...done (0)
Building Faces...done (0)
FixTjuncs...
PruneNodes...
WriteBSP...
done (0)
Creating default LDR cubemaps for env_cubemap using skybox materials:
   skybox/sky_day01_01*.vmt
 ! Run buildcubemaps in the engine to get the correct cube maps.
Creating default HDR cubemaps for env_cubemap using skybox materials:
   skybox/sky_day01_01*.vmt
 ! Run buildcubemaps in the engine to get the correct cube maps.
Finding displacement neighbors...
Finding lightmap sample positions...
Displacement Alpha : 0...1...2...3...4...5...6...7...8...9...10
Building Physics collision data...
done (0) (8848 bytes)
Placing detail props : 0...1...2...3...4...5...6...7...8...9...10
Compacting texture/material tables...
Reduced 33 texinfos to 22
Reduced 10 texdatas to 10 (211 bytes to 211)
Writing C:\Users\iD Student\Desktop\Reece B\Hammer Maps\Small_House1.bsp
0 seconds elapsed



8 threads
reading c:\users\id student\desktop\reece b\hammer maps\Small_House1.bsp
reading c:\users\id student\desktop\reece b\hammer maps\Small_House1.prt
LoadPortals: couldn't read c:\users\id student\desktop\reece b\hammer maps\Small_House1.prt



[Reading texlights from 'lights.rad']
[45 texlights parsed from 'lights.rad']

Loading c:\users\id student\desktop\reece b\hammer maps\Small_House1.bsp
No vis information, direct lighting only.
101 faces
3980 square feet [573252.69 square inches]
0 Displacements
0 Square Feet [0.00 Square Inches]
0 direct lights
0...1...2...3...4...5...6...7...8...9...10Build Patch/Sample Hash Table(s).....Done<0.0001 sec>
0...1...2...3...4...5...6...7...8...9...10FinalLightFace Done
0 of 0 (0% of) surface lights went in leaf ambient cubes.
0...1...2...3...4...5...6...7...8...9...10Writing leaf ambient...done
Ready to Finish

Object names       Objects/Maxobjs  Memory / Maxmem  Fullness 
------------       ---------------  ---------------  -------- 
models                   2/1024           96/49152    ( 0.2%) 
brushes                 23/8192          276/98304    ( 0.3%) 
brushsides             147/65536        1176/524288   ( 0.2%) 
planes                 150/65536        3000/1310720  ( 0.2%) 
vertexes               201/65536        2412/786432   ( 0.3%) 
nodes                  132/65536        4224/2097152  ( 0.2%) 
texinfos                22/12288        1584/884736   ( 0.2%) 
texdata                 10/2048          320/65536    ( 0.5%) 
dispinfos                0/0               0/0        ( 0.0%) 
disp_verts               0/0               0/0        ( 0.0%) 
disp_tris                0/0               0/0        ( 0.0%) 
disp_lmsamples           0/0               0/0        ( 0.0%) 
faces                  101/65536        5656/3670016  ( 0.2%) 
hdr faces                0/65536           0/3670016  ( 0.0%) 
origfaces               54/65536        3024/3670016  ( 0.1%) 
leaves                 135/65536        4320/2097152  ( 0.2%) 
leaffaces              107/65536         214/131072   ( 0.2%) 
leafbrushes             55/65536         110/131072   ( 0.1%) 
areas                    2/256            16/2048     ( 0.8%) 
surfedges              673/512000       2692/2048000  ( 0.1%) 
edges                  415/256000       1660/1024000  ( 0.2%) 
LDR worldlights          0/8192            0/720896   ( 0.0%) 
HDR worldlights          0/8192            0/720896   ( 0.0%) 
leafwaterdata            0/32768           0/393216   ( 0.0%) 
waterstrips              4/32768          40/327680   ( 0.0%) 
waterverts               0/65536           0/786432   ( 0.0%) 
waterindices            63/65536         126/131072   ( 0.1%) 
cubemapsamples           0/1024            0/16384    ( 0.0%) 
overlays                 0/512             0/180224   ( 0.0%) 
LDR lightdata         [variable]       45960/0        ( 0.0%) 
HDR lightdata         [variable]           0/0        ( 0.0%) 
visdata               [variable]           0/16777216 ( 0.0%) 
entdata               [variable]       10251/393216   ( 2.6%) 
LDR ambient table      135/65536         540/262144   ( 0.2%) 
HDR ambient table      135/65536         540/262144   ( 0.2%) 
LDR leaf ambient        88/65536        2464/1835008  ( 0.1%) 
HDR leaf ambient       135/65536        3780/1835008  ( 0.2%) 
occluders                0/0               0/0        ( 0.0%) 
occluder polygons        0/0               0/0        ( 0.0%) 
occluder vert ind        0/0               0/0        ( 0.0%) 
detail props          [variable]           1/12       ( 8.3%) 
static props          [variable]           1/12       ( 8.3%) 
pakfile               [variable]      105679/0        ( 0.0%) 
physics               [variable]        8848/4194304  ( 0.2%) 
physics terrain       [variable]           2/1048576  ( 0.0%) 

Level flags = 0

Total triangle count: 253
Writing c:\users\id student\desktop\reece b\hammer maps\Small_House1.bsp
0 seconds elapsed



materialPath: C:\Program Files (x86)\Steam\steamapps\common\GarrysMod\garrysmod\materials
Loading C:\Users\iD Student\Desktop\Reece B\Hammer Maps\Small_House1.vmf
ConVarRef mat_reduceparticles doesn't point to an existing ConVar
Could not locate 'GameData' key in c:\program files (x86)\steam\steamapps\common\garrysmod\garrysmod\gameinfo.txt
fixing up env_cubemap materials on brush sides...
0...1...2...3...4...5...6...7...8...9...10**** leaked ****
Entity prop_door_rotating (-544.00 62.00 118.00) leaked!
Processing areas...done (0)
Building Faces...done (0)
FixTjuncs...
PruneNodes...
WriteBSP...
done (0)
Creating default LDR cubemaps for env_cubemap using skybox materials:
   skybox/sky_day01_01*.vmt
 ! Run buildcubemaps in the engine to get the correct cube maps.
Creating default HDR cubemaps for env_cubemap using skybox materials:
   skybox/sky_day01_01*.vmt
 ! Run buildcubemaps in the engine to get the correct cube maps.
Finding displacement neighbors...
Finding lightmap sample positions...
Displacement Alpha : 0...1...2...3...4...5...6...7...8...9...10
Building Physics collision data...
done (0) (8329 bytes)
Placing detail props : 0...1...2...3...4...5...6...7...8...9...10
Compacting texture/material tables...
Reduced 27 texinfos to 19
Reduced 9 texdatas to 9 (192 bytes to 192)
Writing C:\Users\iD Student\Desktop\Reece B\Hammer Maps\Small_House1.bsp
0 seconds elapsed



8 threads
reading c:\users\id student\desktop\reece b\hammer maps\Small_House1.bsp
reading c:\users\id student\desktop\reece b\hammer maps\Small_House1.prt
LoadPortals: couldn't read c:\users\id student\desktop\reece b\hammer maps\Small_House1.prt



[Reading texlights from 'lights.rad']
[45 texlights parsed from 'lights.rad']

Loading c:\users\id student\desktop\reece b\hammer maps\Small_House1.bsp
No vis information, direct lighting only.
95 faces
3900 square feet [561636.56 square inches]
0 Displacements
0 Square Feet [0.00 Square Inches]
0 direct lights
0...1...2...3...4...5...6...7...8...9...10Build Patch/Sample Hash Table(s).....Done<0.0003 sec>
0...1...2...3...4...5...6...7...8...9...10FinalLightFace Done
0 of 0 (0% of) surface lights went in leaf ambient cubes.
0...1...2...3...4...5...6...7...8...9...10Writing leaf ambient...done
Ready to Finish

Object names       Objects/Maxobjs  Memory / Maxmem  Fullness 
------------       ---------------  ---------------  -------- 
models                   1/1024           48/49152    ( 0.1%) 
brushes                 22/8192          264/98304    ( 0.3%) 
brushsides             141/65536        1128/524288   ( 0.2%) 
planes                 128/65536        2560/1310720  ( 0.2%) 
vertexes               194/65536        2328/786432   ( 0.3%) 
nodes                  121/65536        3872/2097152  ( 0.2%) 
texinfos                19/12288        1368/884736   ( 0.2%) 
texdata                  9/2048          288/65536    ( 0.4%) 
dispinfos                0/0               0/0        ( 0.0%) 
disp_verts               0/0               0/0        ( 0.0%) 
disp_tris                0/0               0/0        ( 0.0%) 
disp_lmsamples           0/0               0/0        ( 0.0%) 
faces                   95/65536        5320/3670016  ( 0.1%) 
hdr faces                0/65536           0/3670016  ( 0.0%) 
origfaces               48/65536        2688/3670016  ( 0.1%) 
leaves                 123/65536        3936/2097152  ( 0.2%) 
leaffaces               98/65536         196/131072   ( 0.1%) 
leafbrushes             49/65536          98/131072   ( 0.1%) 
areas                    2/256            16/2048     ( 0.8%) 
surfedges              627/512000       2508/2048000  ( 0.1%) 
edges                  392/256000       1568/1024000  ( 0.2%) 
LDR worldlights          0/8192            0/720896   ( 0.0%) 
HDR worldlights          0/8192            0/720896   ( 0.0%) 
leafwaterdata            0/32768           0/393216   ( 0.0%) 
waterstrips              4/32768          40/327680   ( 0.0%) 
waterverts               0/65536           0/786432   ( 0.0%) 
waterindices            60/65536         120/131072   ( 0.1%) 
cubemapsamples           0/1024            0/16384    ( 0.0%) 
overlays                 0/512             0/180224   ( 0.0%) 
LDR lightdata         [variable]       45968/0        ( 0.0%) 
HDR lightdata         [variable]           0/0        ( 0.0%) 
visdata               [variable]           0/16777216 ( 0.0%) 
entdata               [variable]        9593/393216   ( 2.4%) 
LDR ambient table      123/65536         492/262144   ( 0.2%) 
HDR ambient table      123/65536         492/262144   ( 0.2%) 
LDR leaf ambient        80/65536        2240/1835008  ( 0.1%) 
HDR leaf ambient       123/65536        3444/1835008  ( 0.2%) 
occluders                0/0               0/0        ( 0.0%) 
occluder polygons        0/0               0/0        ( 0.0%) 
occluder vert ind        0/0               0/0        ( 0.0%) 
detail props          [variable]           1/12       ( 8.3%) 
static props          [variable]           1/12       ( 8.3%) 
pakfile               [variable]      105679/0        ( 0.0%) 
physics               [variable]        8329/4194304  ( 0.2%) 
physics terrain       [variable]           2/1048576  ( 0.0%) 

Level flags = 0

Total triangle count: 243
Writing c:\users\id student\desktop\reece b\hammer maps\Small_House1.bsp
0 seconds elapsed



materialPath: C:\Program Files (x86)\Steam\steamapps\common\GarrysMod\garrysmod\materials
Loading C:\Users\iD Student\Desktop\Reece B\Hammer Maps\Small_House1.vmf
ConVarRef mat_reduceparticles doesn't point to an existing ConVar
Could not locate 'GameData' key in c:\program files (x86)\steam\steamapps\common\garrysmod\garrysmod\gameinfo.txt
fixing up env_cubemap materials on brush sides...
0...1...2...3...4...5...6...7...8...9...10**** leaked ****
Entity prop_door_rotating (-544.00 62.00 118.00) leaked!
Processing areas...done (0)
Building Faces...done (0)
FixTjuncs...
PruneNodes...
WriteBSP...
done (0)
Creating default LDR cubemaps for env_cubemap using skybox materials:
   skybox/sky_day01_01*.vmt
 ! Run buildcubemaps in the engine to get the correct cube maps.
Creating default HDR cubemaps for env_cubemap using skybox materials:
   skybox/sky_day01_01*.vmt
 ! Run buildcubemaps in the engine to get the correct cube maps.
Finding displacement neighbors...
Finding lightmap sample positions...
Displacement Alpha : 0...1...2...3...4...5...6...7...8...9...10
Building Physics collision data...
done (0) (8329 bytes)
Placing detail props : 0...1...2...3...4...5...6...7...8...9...10
Compacting texture/material tables...
Reduced 27 texinfos to 19
Reduced 9 texdatas to 9 (192 bytes to 192)
Writing C:\Users\iD Student\Desktop\Reece B\Hammer Maps\Small_House1.bsp
0 seconds elapsed



8 threads
reading c:\users\id student\desktop\reece b\hammer maps\Small_House1.bsp
reading c:\users\id student\desktop\reece b\hammer maps\Small_House1.prt
LoadPortals: couldn't read c:\users\id student\desktop\reece b\hammer maps\Small_House1.prt



[Reading texlights from 'lights.rad']
[45 texlights parsed from 'lights.rad']

Loading c:\users\id student\desktop\reece b\hammer maps\Small_House1.bsp
No vis information, direct lighting only.
95 faces
3900 square feet [561636.56 square inches]
0 Displacements
0 Square Feet [0.00 Square Inches]
0 direct lights
0...1...2...3...4...5...6...7...8...9...10Build Patch/Sample Hash Table(s).....Done<0.0001 sec>
0...1...2...3...4...5...6...7...8...9...10FinalLightFace Done
0 of 0 (0% of) surface lights went in leaf ambient cubes.
0...1...2...3...4...5...6...7...8...9...10Writing leaf ambient...done
Ready to Finish

Object names       Objects/Maxobjs  Memory / Maxmem  Fullness 
------------       ---------------  ---------------  -------- 
models                   1/1024           48/49152    ( 0.1%) 
brushes                 22/8192          264/98304    ( 0.3%) 
brushsides             141/65536        1128/524288   ( 0.2%) 
planes                 128/65536        2560/1310720  ( 0.2%) 
vertexes               194/65536        2328/786432   ( 0.3%) 
nodes                  121/65536        3872/2097152  ( 0.2%) 
texinfos                19/12288        1368/884736   ( 0.2%) 
texdata                  9/2048          288/65536    ( 0.4%) 
dispinfos                0/0               0/0        ( 0.0%) 
disp_verts               0/0               0/0        ( 0.0%) 
disp_tris                0/0               0/0        ( 0.0%) 
disp_lmsamples           0/0               0/0        ( 0.0%) 
faces                   95/65536        5320/3670016  ( 0.1%) 
hdr faces                0/65536           0/3670016  ( 0.0%) 
origfaces               48/65536        2688/3670016  ( 0.1%) 
leaves                 123/65536        3936/2097152  ( 0.2%) 
leaffaces               98/65536         196/131072   ( 0.1%) 
leafbrushes             49/65536          98/131072   ( 0.1%) 
areas                    2/256            16/2048     ( 0.8%) 
surfedges              627/512000       2508/2048000  ( 0.1%) 
edges                  392/256000       1568/1024000  ( 0.2%) 
LDR worldlights          0/8192            0/720896   ( 0.0%) 
HDR worldlights          0/8192            0/720896   ( 0.0%) 
leafwaterdata            0/32768           0/393216   ( 0.0%) 
waterstrips              4/32768          40/327680   ( 0.0%) 
waterverts               0/65536           0/786432   ( 0.0%) 
waterindices            60/65536         120/131072   ( 0.1%) 
cubemapsamples           0/1024            0/16384    ( 0.0%) 
overlays                 0/512             0/180224   ( 0.0%) 
LDR lightdata         [variable]       45968/0        ( 0.0%) 
HDR lightdata         [variable]           0/0        ( 0.0%) 
visdata               [variable]           0/16777216 ( 0.0%) 
entdata               [variable]        9593/393216   ( 2.4%) 
LDR ambient table      123/65536         492/262144   ( 0.2%) 
HDR ambient table      123/65536         492/262144   ( 0.2%) 
LDR leaf ambient        80/65536        2240/1835008  ( 0.1%) 
HDR leaf ambient       123/65536        3444/1835008  ( 0.2%) 
occluders                0/0               0/0        ( 0.0%) 
occluder polygons        0/0               0/0        ( 0.0%) 
occluder vert ind        0/0               0/0        ( 0.0%) 
detail props          [variable]           1/12       ( 8.3%) 
static props          [variable]           1/12       ( 8.3%) 
pakfile               [variable]      105679/0        ( 0.0%) 
physics               [variable]        8329/4194304  ( 0.2%) 
physics terrain       [variable]           2/1048576  ( 0.0%) 

Level flags = 0

Total triangle count: 243
Writing c:\users\id student\desktop\reece b\hammer maps\Small_House1.bsp
0 seconds elapsed



materialPath: C:\Program Files (x86)\Steam\steamapps\common\GarrysMod\garrysmod\materials
Loading C:\Users\iD Student\Desktop\Reece B\Hammer Maps\Small_House1.vmf
ConVarRef mat_reduceparticles doesn't point to an existing ConVar
Could not locate 'GameData' key in c:\program files (x86)\steam\steamapps\common\garrysmod\garrysmod\gameinfo.txt
fixing up env_cubemap materials on brush sides...
0...1...2...3...4...5...6...7...8...9...10**** leaked ****
Entity prop_door_rotating (-544.00 62.00 118.00) leaked!
Processing areas...done (0)
Building Faces...done (0)
FixTjuncs...
PruneNodes...
WriteBSP...
done (0)
Creating default LDR cubemaps for env_cubemap using skybox materials:
   skybox/sky_day01_01*.vmt
 ! Run buildcubemaps in the engine to get the correct cube maps.
Creating default HDR cubemaps for env_cubemap using skybox materials:
   skybox/sky_day01_01*.vmt
 ! Run buildcubemaps in the engine to get the correct cube maps.
Finding displacement neighbors...
Finding lightmap sample positions...
Displacement Alpha : 0...1...2...3...4...5...6...7...8...9...10
Building Physics collision data...
done (0) (8329 bytes)
Placing detail props : 0...1...2...3...4...5...6...7...8...9...10
Compacting texture/material tables...
Reduced 27 texinfos to 19
Reduced 9 texdatas to 9 (192 bytes to 192)
Writing C:\Users\iD Student\Desktop\Reece B\Hammer Maps\Small_House1.bsp
0 seconds elapsed



8 threads
reading c:\users\id student\desktop\reece b\hammer maps\Small_House1.bsp
reading c:\users\id student\desktop\reece b\hammer maps\Small_House1.prt
LoadPortals: couldn't read c:\users\id student\desktop\reece b\hammer maps\Small_House1.prt



[Reading texlights from 'lights.rad']
[45 texlights parsed from 'lights.rad']

Loading c:\users\id student\desktop\reece b\hammer maps\Small_House1.bsp
No vis information, direct lighting only.
95 faces
3900 square feet [561636.56 square inches]
0 Displacements
0 Square Feet [0.00 Square Inches]
0 direct lights
0...1...2...3...4...5...6...7...8...9...10Build Patch/Sample Hash Table(s).....Done<0.0001 sec>
0...1...2...3...4...5...6...7...8...9...10FinalLightFace Done
0 of 0 (0% of) surface lights went in leaf ambient cubes.
0...1...2...3...4...5...6...7...8...9...10Writing leaf ambient...done
Ready to Finish

Object names       Objects/Maxobjs  Memory / Maxmem  Fullness 
------------       ---------------  ---------------  -------- 
models                   1/1024           48/49152    ( 0.1%) 
brushes                 22/8192          264/98304    ( 0.3%) 
brushsides             141/65536        1128/524288   ( 0.2%) 
planes                 128/65536        2560/1310720  ( 0.2%) 
vertexes               194/65536        2328/786432   ( 0.3%) 
nodes                  121/65536        3872/2097152  ( 0.2%) 
texinfos                19/12288        1368/884736   ( 0.2%) 
texdata                  9/2048          288/65536    ( 0.4%) 
dispinfos                0/0               0/0        ( 0.0%) 
disp_verts               0/0               0/0        ( 0.0%) 
disp_tris                0/0               0/0        ( 0.0%) 
disp_lmsamples           0/0               0/0        ( 0.0%) 
faces                   95/65536        5320/3670016  ( 0.1%) 
hdr faces                0/65536           0/3670016  ( 0.0%) 
origfaces               48/65536        2688/3670016  ( 0.1%) 
leaves                 123/65536        3936/2097152  ( 0.2%) 
leaffaces               98/65536         196/131072   ( 0.1%) 
leafbrushes             49/65536          98/131072   ( 0.1%) 
areas                    2/256            16/2048     ( 0.8%) 
surfedges              627/512000       2508/2048000  ( 0.1%) 
edges                  392/256000       1568/1024000  ( 0.2%) 
LDR worldlights          0/8192            0/720896   ( 0.0%) 
HDR worldlights          0/8192            0/720896   ( 0.0%) 
leafwaterdata            0/32768           0/393216   ( 0.0%) 
waterstrips              4/32768          40/327680   ( 0.0%) 
waterverts               0/65536           0/786432   ( 0.0%) 
waterindices            60/65536         120/131072   ( 0.1%) 
cubemapsamples           0/1024            0/16384    ( 0.0%) 
overlays                 0/512             0/180224   ( 0.0%) 
LDR lightdata         [variable]       45968/0        ( 0.0%) 
HDR lightdata         [variable]           0/0        ( 0.0%) 
visdata               [variable]           0/16777216 ( 0.0%) 
entdata               [variable]        9693/393216   ( 2.5%) 
LDR ambient table      123/65536         492/262144   ( 0.2%) 
HDR ambient table      123/65536         492/262144   ( 0.2%) 
LDR leaf ambient        80/65536        2240/1835008  ( 0.1%) 
HDR leaf ambient       123/65536        3444/1835008  ( 0.2%) 
occluders                0/0               0/0        ( 0.0%) 
occluder polygons        0/0               0/0        ( 0.0%) 
occluder vert ind        0/0               0/0        ( 0.0%) 
detail props          [variable]           1/12       ( 8.3%) 
static props          [variable]           1/12       ( 8.3%) 
pakfile               [variable]      105679/0        ( 0.0%) 
physics               [variable]        8329/4194304  ( 0.2%) 
physics terrain       [variable]           2/1048576  ( 0.0%) 

Level flags = 0

Total triangle count: 243
Writing c:\users\id student\desktop\reece b\hammer maps\Small_House1.bsp
0 seconds elapsed



materialPath: C:\Program Files (x86)\Steam\steamapps\common\GarrysMod\garrysmod\materials
Loading C:\Users\iD Student\Desktop\Reece B\Hammer Maps\Small_House1.vmf
ConVarRef mat_reduceparticles doesn't point to an existing ConVar
Could not locate 'GameData' key in c:\program files (x86)\steam\steamapps\common\garrysmod\garrysmod\gameinfo.txt
fixing up env_cubemap materials on brush sides...
0...1...2...3...4...5...6...7...8...9...10**** leaked ****
Entity prop_physics (-720.00 4.00 92.00) leaked!
Processing areas...done (0)
Building Faces...done (0)
FixTjuncs...
PruneNodes...
WriteBSP...
done (0)
Creating default LDR cubemaps for env_cubemap using skybox materials:
   skybox/sky_day01_01*.vmt
 ! Run buildcubemaps in the engine to get the correct cube maps.
Creating default HDR cubemaps for env_cubemap using skybox materials:
   skybox/sky_day01_01*.vmt
 ! Run buildcubemaps in the engine to get the correct cube maps.
Finding displacement neighbors...
Finding lightmap sample positions...
Displacement Alpha : 0...1...2...3...4...5...6...7...8...9...10
Building Physics collision data...
done (0) (8877 bytes)
Placing detail props : 0...1...2...3...4...5...6...7...8...9...10
Compacting texture/material tables...
Reduced 33 texinfos to 22
Reduced 11 texdatas to 11 (225 bytes to 225)
Writing C:\Users\iD Student\Desktop\Reece B\Hammer Maps\Small_House1.bsp
0 seconds elapsed



8 threads
reading c:\users\id student\desktop\reece b\hammer maps\Small_House1.bsp
reading c:\users\id student\desktop\reece b\hammer maps\Small_House1.prt
LoadPortals: couldn't read c:\users\id student\desktop\reece b\hammer maps\Small_House1.prt



[Reading texlights from 'lights.rad']
[45 texlights parsed from 'lights.rad']

Loading c:\users\id student\desktop\reece b\hammer maps\Small_House1.bsp
No vis information, direct lighting only.
101 faces
3984 square feet [573768.56 square inches]
0 Displacements
0 Square Feet [0.00 Square Inches]
0 direct lights
0...1...2...3...4...5...6...7...8...9...10Build Patch/Sample Hash Table(s).....Done<0.0001 sec>
0...1...2...3...4...5...6...7...8...9...10FinalLightFace Done
0 of 0 (0% of) surface lights went in leaf ambient cubes.
0...1...2...3...4...5...6...7...8...9...10Writing leaf ambient...done
Ready to Finish

Object names       Objects/Maxobjs  Memory / Maxmem  Fullness 
------------       ---------------  ---------------  -------- 
models                   2/1024           96/49152    ( 0.2%) 
brushes                 23/8192          276/98304    ( 0.3%) 
brushsides             147/65536        1176/524288   ( 0.2%) 
planes                 150/65536        3000/1310720  ( 0.2%) 
vertexes               202/65536        2424/786432   ( 0.3%) 
nodes                  127/65536        4064/2097152  ( 0.2%) 
texinfos                22/12288        1584/884736   ( 0.2%) 
texdata                 11/2048          352/65536    ( 0.5%) 
dispinfos                0/0               0/0        ( 0.0%) 
disp_verts               0/0               0/0        ( 0.0%) 
disp_tris                0/0               0/0        ( 0.0%) 
disp_lmsamples           0/0               0/0        ( 0.0%) 
faces                  101/65536        5656/3670016  ( 0.2%) 
hdr faces                0/65536           0/3670016  ( 0.0%) 
origfaces               54/65536        3024/3670016  ( 0.1%) 
leaves                 130/65536        4160/2097152  ( 0.2%) 
leaffaces              104/65536         208/131072   ( 0.2%) 
leafbrushes             50/65536         100/131072   ( 0.1%) 
areas                    2/256            16/2048     ( 0.8%) 
surfedges              675/512000       2700/2048000  ( 0.1%) 
edges                  416/256000       1664/1024000  ( 0.2%) 
LDR worldlights          0/8192            0/720896   ( 0.0%) 
HDR worldlights          0/8192            0/720896   ( 0.0%) 
leafwaterdata            0/32768           0/393216   ( 0.0%) 
waterstrips              4/32768          40/327680   ( 0.0%) 
waterverts               0/65536           0/786432   ( 0.0%) 
waterindices            60/65536         120/131072   ( 0.1%) 
cubemapsamples           0/1024            0/16384    ( 0.0%) 
overlays                 0/512             0/180224   ( 0.0%) 
LDR lightdata         [variable]       47776/0        ( 0.0%) 
HDR lightdata         [variable]           0/0        ( 0.0%) 
visdata               [variable]           0/16777216 ( 0.0%) 
entdata               [variable]        8923/393216   ( 2.3%) 
LDR ambient table      130/65536         520/262144   ( 0.2%) 
HDR ambient table      130/65536         520/262144   ( 0.2%) 
LDR leaf ambient        87/65536        2436/1835008  ( 0.1%) 
HDR leaf ambient       130/65536        3640/1835008  ( 0.2%) 
occluders                0/0               0/0        ( 0.0%) 
occluder polygons        0/0               0/0        ( 0.0%) 
occluder vert ind        0/0               0/0        ( 0.0%) 
detail props          [variable]           1/12       ( 8.3%) 
static props          [variable]           1/12       ( 8.3%) 
pakfile               [variable]      105679/0        ( 0.0%) 
physics               [variable]        8877/4194304  ( 0.2%) 
physics terrain       [variable]           2/1048576  ( 0.0%) 

Level flags = 0

Total triangle count: 255
Writing c:\users\id student\desktop\reece b\hammer maps\Small_House1.bsp
0 seconds elapsed



materialPath: C:\Program Files (x86)\Steam\steamapps\common\GarrysMod\garrysmod\materials
Loading C:\Users\iD Student\Desktop\Reece B\Hammer Maps\Small_House1.vmf
ConVarRef mat_reduceparticles doesn't point to an existing ConVar
Could not locate 'GameData' key in c:\program files (x86)\steam\steamapps\common\garrysmod\garrysmod\gameinfo.txt
fixing up env_cubemap materials on brush sides...
0...1...2...3...4...5...6...7...8...9...10**** leaked ****
Entity prop_physics (-720.00 4.00 92.00) leaked!
Processing areas...done (0)
Building Faces...done (0)
FixTjuncs...
PruneNodes...
WriteBSP...
done (0)
Creating default LDR cubemaps for env_cubemap using skybox materials:
   skybox/sky_day01_01*.vmt
 ! Run buildcubemaps in the engine to get the correct cube maps.
Creating default HDR cubemaps for env_cubemap using skybox materials:
   skybox/sky_day01_01*.vmt
 ! Run buildcubemaps in the engine to get the correct cube maps.
Finding displacement neighbors...
Finding lightmap sample positions...
Displacement Alpha : 0...1...2...3...4...5...6...7...8...9...10
Building Physics collision data...
done (0) (8877 bytes)
Placing detail props : 0...1...2...3...4...5...6...7...8...9...10
Compacting texture/material tables...
Reduced 33 texinfos to 22
Reduced 11 texdatas to 11 (225 bytes to 225)
Writing C:\Users\iD Student\Desktop\Reece B\Hammer Maps\Small_House1.bsp
0 seconds elapsed



8 threads
reading c:\users\id student\desktop\reece b\hammer maps\Small_House1.bsp
reading c:\users\id student\desktop\reece b\hammer maps\Small_House1.prt
LoadPortals: couldn't read c:\users\id student\desktop\reece b\hammer maps\Small_House1.prt



[Reading texlights from 'lights.rad']
[45 texlights parsed from 'lights.rad']

Loading c:\users\id student\desktop\reece b\hammer maps\Small_House1.bsp
No vis information, direct lighting only.
101 faces
3984 square feet [573768.56 square inches]
0 Displacements
0 Square Feet [0.00 Square Inches]
0 direct lights
0...1...2...3...4...5...6...7...8...9...10Build Patch/Sample Hash Table(s).....Done<0.0001 sec>
0...1...2...3...4...5...6...7...8...9...10FinalLightFace Done
0 of 0 (0% of) surface lights went in leaf ambient cubes.
0...1...2...3...4...5...6...7...8...9...10Writing leaf ambient...done
Ready to Finish

Object names       Objects/Maxobjs  Memory / Maxmem  Fullness 
------------       ---------------  ---------------  -------- 
models                   2/1024           96/49152    ( 0.2%) 
brushes                 23/8192          276/98304    ( 0.3%) 
brushsides             147/65536        1176/524288   ( 0.2%) 
planes                 150/65536        3000/1310720  ( 0.2%) 
vertexes               202/65536        2424/786432   ( 0.3%) 
nodes                  127/65536        4064/2097152  ( 0.2%) 
texinfos                22/12288        1584/884736   ( 0.2%) 
texdata                 11/2048          352/65536    ( 0.5%) 
dispinfos                0/0               0/0        ( 0.0%) 
disp_verts               0/0               0/0        ( 0.0%) 
disp_tris                0/0               0/0        ( 0.0%) 
disp_lmsamples           0/0               0/0        ( 0.0%) 
faces                  101/65536        5656/3670016  ( 0.2%) 
hdr faces                0/65536           0/3670016  ( 0.0%) 
origfaces               54/65536        3024/3670016  ( 0.1%) 
leaves                 130/65536        4160/2097152  ( 0.2%) 
leaffaces              104/65536         208/131072   ( 0.2%) 
leafbrushes             50/65536         100/131072   ( 0.1%) 
areas                    2/256            16/2048     ( 0.8%) 
surfedges              675/512000       2700/2048000  ( 0.1%) 
edges                  416/256000       1664/1024000  ( 0.2%) 
LDR worldlights          0/8192            0/720896   ( 0.0%) 
HDR worldlights          0/8192            0/720896   ( 0.0%) 
leafwaterdata            0/32768           0/393216   ( 0.0%) 
waterstrips              4/32768          40/327680   ( 0.0%) 
waterverts               0/65536           0/786432   ( 0.0%) 
waterindices            60/65536         120/131072   ( 0.1%) 
cubemapsamples           0/1024            0/16384    ( 0.0%) 
overlays                 0/512             0/180224   ( 0.0%) 
LDR lightdata         [variable]       47776/0        ( 0.0%) 
HDR lightdata         [variable]           0/0        ( 0.0%) 
visdata               [variable]           0/16777216 ( 0.0%) 
entdata               [variable]        8923/393216   ( 2.3%) 
LDR ambient table      130/65536         520/262144   ( 0.2%) 
HDR ambient table      130/65536         520/262144   ( 0.2%) 
LDR leaf ambient        87/65536        2436/1835008  ( 0.1%) 
HDR leaf ambient       130/65536        3640/1835008  ( 0.2%) 
occluders                0/0               0/0        ( 0.0%) 
occluder polygons        0/0               0/0        ( 0.0%) 
occluder vert ind        0/0               0/0        ( 0.0%) 
detail props          [variable]           1/12       ( 8.3%) 
static props          [variable]           1/12       ( 8.3%) 
pakfile               [variable]      105679/0        ( 0.0%) 
physics               [variable]        8877/4194304  ( 0.2%) 
physics terrain       [variable]           2/1048576  ( 0.0%) 

Level flags = 0

Total triangle count: 255
Writing c:\users\id student\desktop\reece b\hammer maps\Small_House1.bsp
0 seconds elapsed



materialPath: C:\Program Files (x86)\Steam\steamapps\common\GarrysMod\garrysmod\materials
Loading C:\Users\iD Student\Desktop\Reece B\Hammer Maps\Small_House1.vmf
ConVarRef mat_reduceparticles doesn't point to an existing ConVar
Could not locate 'GameData' key in c:\program files (x86)\steam\steamapps\common\garrysmod\garrysmod\gameinfo.txt
fixing up env_cubemap materials on brush sides...
0...1...2...3...4...5...6...7...8...9...10**** leaked ****
Entity prop_physics (-720.00 4.00 92.00) leaked!
Processing areas...done (0)
Building Faces...done (0)
FixTjuncs...
PruneNodes...
WriteBSP...
done (0)
Creating default LDR cubemaps for env_cubemap using skybox materials:
   skybox/sky_day01_01*.vmt
 ! Run buildcubemaps in the engine to get the correct cube maps.
Creating default HDR cubemaps for env_cubemap using skybox materials:
   skybox/sky_day01_01*.vmt
 ! Run buildcubemaps in the engine to get the correct cube maps.
Finding displacement neighbors...
Finding lightmap sample positions...
Displacement Alpha : 0...1...2...3...4...5...6...7...8...9...10
Building Physics collision data...
done (0) (8875 bytes)
Placing detail props : 0...1...2...3...4...5...6...7...8...9...10
Compacting texture/material tables...
Reduced 33 texinfos to 22
Reduced 11 texdatas to 11 (225 bytes to 225)
Writing C:\Users\iD Student\Desktop\Reece B\Hammer Maps\Small_House1.bsp
0 seconds elapsed



8 threads
reading c:\users\id student\desktop\reece b\hammer maps\Small_House1.bsp
reading c:\users\id student\desktop\reece b\hammer maps\Small_House1.prt
LoadPortals: couldn't read c:\users\id student\desktop\reece b\hammer maps\Small_House1.prt



[Reading texlights from 'lights.rad']
[45 texlights parsed from 'lights.rad']

Loading c:\users\id student\desktop\reece b\hammer maps\Small_House1.bsp
No vis information, direct lighting only.
101 faces
3975 square feet [572528.56 square inches]
0 Displacements
0 Square Feet [0.00 Square Inches]
0 direct lights
0...1...2...3...4...5...6...7...8...9...10Build Patch/Sample Hash Table(s).....Done<0.0001 sec>
0...1...2...3...4...5...6...7...8...9...10FinalLightFace Done
0 of 0 (0% of) surface lights went in leaf ambient cubes.
0...1...2...3...4...5...6...7...8...9...10Writing leaf ambient...done
Ready to Finish

Object names       Objects/Maxobjs  Memory / Maxmem  Fullness 
------------       ---------------  ---------------  -------- 
models                   2/1024           96/49152    ( 0.2%) 
brushes                 23/8192          276/98304    ( 0.3%) 
brushsides             147/65536        1176/524288   ( 0.2%) 
planes                 154/65536        3080/1310720  ( 0.2%) 
vertexes               202/65536        2424/786432   ( 0.3%) 
nodes                  127/65536        4064/2097152  ( 0.2%) 
texinfos                22/12288        1584/884736   ( 0.2%) 
texdata                 11/2048          352/65536    ( 0.5%) 
dispinfos                0/0               0/0        ( 0.0%) 
disp_verts               0/0               0/0        ( 0.0%) 
disp_tris                0/0               0/0        ( 0.0%) 
disp_lmsamples           0/0               0/0        ( 0.0%) 
faces                  101/65536        5656/3670016  ( 0.2%) 
hdr faces                0/65536           0/3670016  ( 0.0%) 
origfaces               54/65536        3024/3670016  ( 0.1%) 
leaves                 130/65536        4160/2097152  ( 0.2%) 
leaffaces              104/65536         208/131072   ( 0.2%) 
leafbrushes             50/65536         100/131072   ( 0.1%) 
areas                    2/256            16/2048     ( 0.8%) 
surfedges              675/512000       2700/2048000  ( 0.1%) 
edges                  416/256000       1664/1024000  ( 0.2%) 
LDR worldlights          0/8192            0/720896   ( 0.0%) 
HDR worldlights          0/8192            0/720896   ( 0.0%) 
leafwaterdata            0/32768           0/393216   ( 0.0%) 
waterstrips              4/32768          40/327680   ( 0.0%) 
waterverts               0/65536           0/786432   ( 0.0%) 
waterindices            60/65536         120/131072   ( 0.1%) 
cubemapsamples           0/1024            0/16384    ( 0.0%) 
overlays                 0/512             0/180224   ( 0.0%) 
LDR lightdata         [variable]       47776/0        ( 0.0%) 
HDR lightdata         [variable]           0/0        ( 0.0%) 
visdata               [variable]           0/16777216 ( 0.0%) 
entdata               [variable]        8961/393216   ( 2.3%) 
LDR ambient table      130/65536         520/262144   ( 0.2%) 
HDR ambient table      130/65536         520/262144   ( 0.2%) 
LDR leaf ambient        87/65536        2436/1835008  ( 0.1%) 
HDR leaf ambient       130/65536        3640/1835008  ( 0.2%) 
occluders                0/0               0/0        ( 0.0%) 
occluder polygons        0/0               0/0        ( 0.0%) 
occluder vert ind        0/0               0/0        ( 0.0%) 
detail props          [variable]           1/12       ( 8.3%) 
static props          [variable]           1/12       ( 8.3%) 
pakfile               [variable]      105679/0        ( 0.0%) 
physics               [variable]        8875/4194304  ( 0.2%) 
physics terrain       [variable]           2/1048576  ( 0.0%) 

Level flags = 0

Total triangle count: 255
Writing c:\users\id student\desktop\reece b\hammer maps\Small_House1.bsp
0 seconds elapsed



materialPath: C:\Program Files (x86)\Steam\steamapps\common\GarrysMod\garrysmod\materials
Loading C:\Users\iD Student\Desktop\Reece B\Hammer Maps\Small_House1.vmf
ConVarRef mat_reduceparticles doesn't point to an existing ConVar
Could not locate 'GameData' key in c:\program files (x86)\steam\steamapps\common\garrysmod\garrysmod\gameinfo.txt
fixing up env_cubemap materials on brush sides...
0...1...2...3...4...5...6...7...8...9...10**** leaked ****
Entity prop_physics (-720.00 4.00 92.00) leaked!
Processing areas...done (0)
Building Faces...done (0)
FixTjuncs...
PruneNodes...
WriteBSP...
done (0)
Creating default LDR cubemaps for env_cubemap using skybox materials:
   skybox/sky_day01_01*.vmt
 ! Run buildcubemaps in the engine to get the correct cube maps.
Creating default HDR cubemaps for env_cubemap using skybox materials:
   skybox/sky_day01_01*.vmt
 ! Run buildcubemaps in the engine to get the correct cube maps.
Finding displacement neighbors...
Finding lightmap sample positions...
Displacement Alpha : 0...1...2...3...4...5...6...7...8...9...10
Building Physics collision data...
done (0) (8329 bytes)
Placing detail props : 0...1...2...3...4...5...6...7...8...9...10
Compacting texture/material tables...
Reduced 27 texinfos to 19
Reduced 9 texdatas to 9 (192 bytes to 192)
Writing C:\Users\iD Student\Desktop\Reece B\Hammer Maps\Small_House1.bsp
0 seconds elapsed



8 threads
reading c:\users\id student\desktop\reece b\hammer maps\Small_House1.bsp
reading c:\users\id student\desktop\reece b\hammer maps\Small_House1.prt
LoadPortals: couldn't read c:\users\id student\desktop\reece b\hammer maps\Small_House1.prt



[Reading texlights from 'lights.rad']
[45 texlights parsed from 'lights.rad']

Loading c:\users\id student\desktop\reece b\hammer maps\Small_House1.bsp
No vis information, direct lighting only.
95 faces
3900 square feet [561636.56 square inches]
0 Displacements
0 Square Feet [0.00 Square Inches]
0 direct lights
0...1...2...3...4...5...6...7...8...9...10Build Patch/Sample Hash Table(s).....Done<0.0001 sec>
0...1...2...3...4...5...6...7...8...9...10FinalLightFace Done
0 of 0 (0% of) surface lights went in leaf ambient cubes.
0...1...2...3...4...5...6...7...8...9...10Writing leaf ambient...done
Ready to Finish

Object names       Objects/Maxobjs  Memory / Maxmem  Fullness 
------------       ---------------  ---------------  -------- 
models                   1/1024           48/49152    ( 0.1%) 
brushes                 22/8192          264/98304    ( 0.3%) 
brushsides             141/65536        1128/524288   ( 0.2%) 
planes                 128/65536        2560/1310720  ( 0.2%) 
vertexes               194/65536        2328/786432   ( 0.3%) 
nodes                  121/65536        3872/2097152  ( 0.2%) 
texinfos                19/12288        1368/884736   ( 0.2%) 
texdata                  9/2048          288/65536    ( 0.4%) 
dispinfos                0/0               0/0        ( 0.0%) 
disp_verts               0/0               0/0        ( 0.0%) 
disp_tris                0/0               0/0        ( 0.0%) 
disp_lmsamples           0/0               0/0        ( 0.0%) 
faces                   95/65536        5320/3670016  ( 0.1%) 
hdr faces                0/65536           0/3670016  ( 0.0%) 
origfaces               48/65536        2688/3670016  ( 0.1%) 
leaves                 123/65536        3936/2097152  ( 0.2%) 
leaffaces               98/65536         196/131072   ( 0.1%) 
leafbrushes             49/65536          98/131072   ( 0.1%) 
areas                    2/256            16/2048     ( 0.8%) 
surfedges              627/512000       2508/2048000  ( 0.1%) 
edges                  392/256000       1568/1024000  ( 0.2%) 
LDR worldlights          0/8192            0/720896   ( 0.0%) 
HDR worldlights          0/8192            0/720896   ( 0.0%) 
leafwaterdata            0/32768           0/393216   ( 0.0%) 
waterstrips              4/32768          40/327680   ( 0.0%) 
waterverts               0/65536           0/786432   ( 0.0%) 
waterindices            60/65536         120/131072   ( 0.1%) 
cubemapsamples           0/1024            0/16384    ( 0.0%) 
overlays                 0/512             0/180224   ( 0.0%) 
LDR lightdata         [variable]       45968/0        ( 0.0%) 
HDR lightdata         [variable]           0/0        ( 0.0%) 
visdata               [variable]           0/16777216 ( 0.0%) 
entdata               [variable]        8830/393216   ( 2.2%) 
LDR ambient table      123/65536         492/262144   ( 0.2%) 
HDR ambient table      123/65536         492/262144   ( 0.2%) 
LDR leaf ambient        80/65536        2240/1835008  ( 0.1%) 
HDR leaf ambient       123/65536        3444/1835008  ( 0.2%) 
occluders                0/0               0/0        ( 0.0%) 
occluder polygons        0/0               0/0        ( 0.0%) 
occluder vert ind        0/0               0/0        ( 0.0%) 
detail props          [variable]           1/12       ( 8.3%) 
static props          [variable]           1/12       ( 8.3%) 
pakfile               [variable]      105679/0        ( 0.0%) 
physics               [variable]        8329/4194304  ( 0.2%) 
physics terrain       [variable]           2/1048576  ( 0.0%) 

Level flags = 0

Total triangle count: 243
Writing c:\users\id student\desktop\reece b\hammer maps\Small_House1.bsp
0 seconds elapsed
